have_func: checking for mmap() in sys/mman.h... -------------------- yes

"gcc-4.2 -o conftest -I/Users/kazuki/.rvm/rubies/ruby-1.9.3-p125/include/ruby-1.9.1/x86_64-darwin13.1.0 -I/Users/kazuki/.rvm/rubies/ruby-1.9.3-p125/include/ruby-1.9.1/ruby/backward -I/Users/kazuki/.rvm/rubies/ruby-1.9.3-p125/include/ruby-1.9.1 -I. -I/Users/kazuki/.rvm/usr/include -D_XOPEN_SOURCE -D_DARWIN_C_SOURCE    -O3 -ggdb -Wextra -Wno-unused-parameter -Wno-parentheses -Wno-long-long -Wno-missing-field-initializers -Wpointer-arith -Wwrite-strings -Wdeclaration-after-statement -Wshorten-64-to-32 -Wimplicit-function-declaration  -fno-common -pipe conftest.c  -L. -L/Users/kazuki/.rvm/rubies/ruby-1.9.3-p125/lib -L/Users/kazuki/.rvm/usr/lib -L. -L/usr/local/lib     -lruby.1.9.1  -lpthread -ldl -lobjc "
couldn't understand kern.osversion `14.3.0'
ld: warning: directory not found for option '-L/Users/kazuki/.rvm/usr/lib'
checked program was:
/* begin */
1: #include "ruby.h"
2: 
3: int main() {return 0;}
/* end */

"gcc-4.2 -o conftest -I/Users/kazuki/.rvm/rubies/ruby-1.9.3-p125/include/ruby-1.9.1/x86_64-darwin13.1.0 -I/Users/kazuki/.rvm/rubies/ruby-1.9.3-p125/include/ruby-1.9.1/ruby/backward -I/Users/kazuki/.rvm/rubies/ruby-1.9.3-p125/include/ruby-1.9.1 -I. -I/Users/kazuki/.rvm/usr/include -D_XOPEN_SOURCE -D_DARWIN_C_SOURCE    -O3 -ggdb -Wextra -Wno-unused-parameter -Wno-parentheses -Wno-long-long -Wno-missing-field-initializers -Wpointer-arith -Wwrite-strings -Wdeclaration-after-statement -Wshorten-64-to-32 -Wimplicit-function-declaration  -fno-common -pipe conftest.c  -L. -L/Users/kazuki/.rvm/rubies/ruby-1.9.3-p125/lib -L/Users/kazuki/.rvm/usr/lib -L. -L/usr/local/lib     -lruby.1.9.1  -lpthread -ldl -lobjc "
couldn't understand kern.osversion `14.3.0'
ld: warning: directory not found for option '-L/Users/kazuki/.rvm/usr/lib'
checked program was:
/* begin */
1: #include "ruby.h"
2: 
3: #include <sys/mman.h>
4: 
5: /*top*/
6: int main() {return 0;}
7: int t() { void ((*volatile p)()); p = (void ((*)()))mmap; return 0; }
/* end */

--------------------

have_func: checking for munmap() in sys/mman.h... -------------------- yes

"gcc-4.2 -o conftest -I/Users/kazuki/.rvm/rubies/ruby-1.9.3-p125/include/ruby-1.9.1/x86_64-darwin13.1.0 -I/Users/kazuki/.rvm/rubies/ruby-1.9.3-p125/include/ruby-1.9.1/ruby/backward -I/Users/kazuki/.rvm/rubies/ruby-1.9.3-p125/include/ruby-1.9.1 -I. -I/Users/kazuki/.rvm/usr/include -D_XOPEN_SOURCE -D_DARWIN_C_SOURCE    -O3 -ggdb -Wextra -Wno-unused-parameter -Wno-parentheses -Wno-long-long -Wno-missing-field-initializers -Wpointer-arith -Wwrite-strings -Wdeclaration-after-statement -Wshorten-64-to-32 -Wimplicit-function-declaration  -fno-common -pipe conftest.c  -L. -L/Users/kazuki/.rvm/rubies/ruby-1.9.3-p125/lib -L/Users/kazuki/.rvm/usr/lib -L. -L/usr/local/lib     -lruby.1.9.1  -lpthread -ldl -lobjc "
couldn't understand kern.osversion `14.3.0'
ld: warning: directory not found for option '-L/Users/kazuki/.rvm/usr/lib'
checked program was:
/* begin */
1: #include "ruby.h"
2: 
3: #include <sys/mman.h>
4: 
5: /*top*/
6: int main() {return 0;}
7: int t() { void ((*volatile p)()); p = (void ((*)()))munmap; return 0; }
/* end */

--------------------

have_func: checking for mremap() in sys/mman.h... -------------------- no

"gcc-4.2 -o conftest -I/Users/kazuki/.rvm/rubies/ruby-1.9.3-p125/include/ruby-1.9.1/x86_64-darwin13.1.0 -I/Users/kazuki/.rvm/rubies/ruby-1.9.3-p125/include/ruby-1.9.1/ruby/backward -I/Users/kazuki/.rvm/rubies/ruby-1.9.3-p125/include/ruby-1.9.1 -I. -I/Users/kazuki/.rvm/usr/include -D_XOPEN_SOURCE -D_DARWIN_C_SOURCE   -D_GNU_SOURCE   -O3 -ggdb -Wextra -Wno-unused-parameter -Wno-parentheses -Wno-long-long -Wno-missing-field-initializers -Wpointer-arith -Wwrite-strings -Wdeclaration-after-statement -Wshorten-64-to-32 -Wimplicit-function-declaration  -fno-common -pipe conftest.c  -L. -L/Users/kazuki/.rvm/rubies/ruby-1.9.3-p125/lib -L/Users/kazuki/.rvm/usr/lib -L. -L/usr/local/lib     -lruby.1.9.1  -lpthread -ldl -lobjc "
couldn't understand kern.osversion `14.3.0'
conftest.c: In function ‘t’:
conftest.c:7: error: ‘mremap’ undeclared (first use in this function)
conftest.c:7: error: (Each undeclared identifier is reported only once
conftest.c:7: error: for each function it appears in.)
checked program was:
/* begin */
1: #include "ruby.h"
2: 
3: #include <sys/mman.h>
4: 
5: /*top*/
6: int main() {return 0;}
7: int t() { void ((*volatile p)()); p = (void ((*)()))mremap; return 0; }
/* end */

"gcc-4.2 -o conftest -I/Users/kazuki/.rvm/rubies/ruby-1.9.3-p125/include/ruby-1.9.1/x86_64-darwin13.1.0 -I/Users/kazuki/.rvm/rubies/ruby-1.9.3-p125/include/ruby-1.9.1/ruby/backward -I/Users/kazuki/.rvm/rubies/ruby-1.9.3-p125/include/ruby-1.9.1 -I. -I/Users/kazuki/.rvm/usr/include -D_XOPEN_SOURCE -D_DARWIN_C_SOURCE   -D_GNU_SOURCE   -O3 -ggdb -Wextra -Wno-unused-parameter -Wno-parentheses -Wno-long-long -Wno-missing-field-initializers -Wpointer-arith -Wwrite-strings -Wdeclaration-after-statement -Wshorten-64-to-32 -Wimplicit-function-declaration  -fno-common -pipe conftest.c  -L. -L/Users/kazuki/.rvm/rubies/ruby-1.9.3-p125/lib -L/Users/kazuki/.rvm/usr/lib -L. -L/usr/local/lib     -lruby.1.9.1  -lpthread -ldl -lobjc "
couldn't understand kern.osversion `14.3.0'
conftest.c: In function ‘t’:
conftest.c:7: warning: implicit declaration of function ‘mremap’
ld: warning: directory not found for option '-L/Users/kazuki/.rvm/usr/lib'
Undefined symbols for architecture x86_64:
  "_mremap", referenced from:
      _t in ccdDgW5D.o
ld: symbol(s) not found for architecture x86_64
collect2: ld returned 1 exit status
checked program was:
/* begin */
1: #include "ruby.h"
2: 
3: #include <sys/mman.h>
4: 
5: /*top*/
6: int main() {return 0;}
7: int t() { mremap(); return 0; }
/* end */

--------------------

have_func: checking for getpagesize() in unistd.h... -------------------- yes

"gcc-4.2 -o conftest -I/Users/kazuki/.rvm/rubies/ruby-1.9.3-p125/include/ruby-1.9.1/x86_64-darwin13.1.0 -I/Users/kazuki/.rvm/rubies/ruby-1.9.3-p125/include/ruby-1.9.1/ruby/backward -I/Users/kazuki/.rvm/rubies/ruby-1.9.3-p125/include/ruby-1.9.1 -I. -I/Users/kazuki/.rvm/usr/include -D_XOPEN_SOURCE -D_DARWIN_C_SOURCE   -D_GNU_SOURCE  -D_BSD_SOURCE   -O3 -ggdb -Wextra -Wno-unused-parameter -Wno-parentheses -Wno-long-long -Wno-missing-field-initializers -Wpointer-arith -Wwrite-strings -Wdeclaration-after-statement -Wshorten-64-to-32 -Wimplicit-function-declaration  -fno-common -pipe conftest.c  -L. -L/Users/kazuki/.rvm/rubies/ruby-1.9.3-p125/lib -L/Users/kazuki/.rvm/usr/lib -L. -L/usr/local/lib     -lruby.1.9.1  -lpthread -ldl -lobjc "
couldn't understand kern.osversion `14.3.0'
ld: warning: directory not found for option '-L/Users/kazuki/.rvm/usr/lib'
checked program was:
/* begin */
1: #include "ruby.h"
2: 
3: #include <unistd.h>
4: 
5: /*top*/
6: int main() {return 0;}
7: int t() { void ((*volatile p)()); p = (void ((*)()))getpagesize; return 0; }
/* end */

--------------------

have_func: checking for rb_thread_blocking_region()... -------------------- yes

"gcc-4.2 -o conftest -I/Users/kazuki/.rvm/rubies/ruby-1.9.3-p125/include/ruby-1.9.1/x86_64-darwin13.1.0 -I/Users/kazuki/.rvm/rubies/ruby-1.9.3-p125/include/ruby-1.9.1/ruby/backward -I/Users/kazuki/.rvm/rubies/ruby-1.9.3-p125/include/ruby-1.9.1 -I. -I/Users/kazuki/.rvm/usr/include -D_XOPEN_SOURCE -D_DARWIN_C_SOURCE   -D_GNU_SOURCE  -D_BSD_SOURCE   -O3 -ggdb -Wextra -Wno-unused-parameter -Wno-parentheses -Wno-long-long -Wno-missing-field-initializers -Wpointer-arith -Wwrite-strings -Wdeclaration-after-statement -Wshorten-64-to-32 -Wimplicit-function-declaration  -fno-common -pipe conftest.c  -L. -L/Users/kazuki/.rvm/rubies/ruby-1.9.3-p125/lib -L/Users/kazuki/.rvm/usr/lib -L. -L/usr/local/lib     -lruby.1.9.1  -lpthread -ldl -lobjc "
couldn't understand kern.osversion `14.3.0'
ld: warning: directory not found for option '-L/Users/kazuki/.rvm/usr/lib'
checked program was:
/* begin */
1: #include "ruby.h"
2: 
3: /*top*/
4: int main() {return 0;}
5: int t() { void ((*volatile p)()); p = (void ((*)()))rb_thread_blocking_region; return 0; }
/* end */

--------------------

have_func: checking for rb_thread_io_blocking_region()... -------------------- yes

"gcc-4.2 -o conftest -I/Users/kazuki/.rvm/rubies/ruby-1.9.3-p125/include/ruby-1.9.1/x86_64-darwin13.1.0 -I/Users/kazuki/.rvm/rubies/ruby-1.9.3-p125/include/ruby-1.9.1/ruby/backward -I/Users/kazuki/.rvm/rubies/ruby-1.9.3-p125/include/ruby-1.9.1 -I. -I/Users/kazuki/.rvm/usr/include -D_XOPEN_SOURCE -D_DARWIN_C_SOURCE   -D_GNU_SOURCE  -D_BSD_SOURCE   -O3 -ggdb -Wextra -Wno-unused-parameter -Wno-parentheses -Wno-long-long -Wno-missing-field-initializers -Wpointer-arith -Wwrite-strings -Wdeclaration-after-statement -Wshorten-64-to-32 -Wimplicit-function-declaration  -fno-common -pipe conftest.c  -L. -L/Users/kazuki/.rvm/rubies/ruby-1.9.3-p125/lib -L/Users/kazuki/.rvm/usr/lib -L. -L/usr/local/lib     -lruby.1.9.1  -lpthread -ldl -lobjc "
couldn't understand kern.osversion `14.3.0'
conftest.c: In function ‘t’:
conftest.c:5: error: ‘rb_thread_io_blocking_region’ undeclared (first use in this function)
conftest.c:5: error: (Each undeclared identifier is reported only once
conftest.c:5: error: for each function it appears in.)
checked program was:
/* begin */
1: #include "ruby.h"
2: 
3: /*top*/
4: int main() {return 0;}
5: int t() { void ((*volatile p)()); p = (void ((*)()))rb_thread_io_blocking_region; return 0; }
/* end */

"gcc-4.2 -o conftest -I/Users/kazuki/.rvm/rubies/ruby-1.9.3-p125/include/ruby-1.9.1/x86_64-darwin13.1.0 -I/Users/kazuki/.rvm/rubies/ruby-1.9.3-p125/include/ruby-1.9.1/ruby/backward -I/Users/kazuki/.rvm/rubies/ruby-1.9.3-p125/include/ruby-1.9.1 -I. -I/Users/kazuki/.rvm/usr/include -D_XOPEN_SOURCE -D_DARWIN_C_SOURCE   -D_GNU_SOURCE  -D_BSD_SOURCE   -O3 -ggdb -Wextra -Wno-unused-parameter -Wno-parentheses -Wno-long-long -Wno-missing-field-initializers -Wpointer-arith -Wwrite-strings -Wdeclaration-after-statement -Wshorten-64-to-32 -Wimplicit-function-declaration  -fno-common -pipe conftest.c  -L. -L/Users/kazuki/.rvm/rubies/ruby-1.9.3-p125/lib -L/Users/kazuki/.rvm/usr/lib -L. -L/usr/local/lib     -lruby.1.9.1  -lpthread -ldl -lobjc "
couldn't understand kern.osversion `14.3.0'
conftest.c: In function ‘t’:
conftest.c:5: warning: implicit declaration of function ‘rb_thread_io_blocking_region’
ld: warning: directory not found for option '-L/Users/kazuki/.rvm/usr/lib'
checked program was:
/* begin */
1: #include "ruby.h"
2: 
3: /*top*/
4: int main() {return 0;}
5: int t() { rb_thread_io_blocking_region(); return 0; }
/* end */

--------------------

checking for GCC 4+ atomic builtins... -------------------- yes

"gcc-4.2 -o conftest -I/Users/kazuki/.rvm/rubies/ruby-1.9.3-p125/include/ruby-1.9.1/x86_64-darwin13.1.0 -I/Users/kazuki/.rvm/rubies/ruby-1.9.3-p125/include/ruby-1.9.1/ruby/backward -I/Users/kazuki/.rvm/rubies/ruby-1.9.3-p125/include/ruby-1.9.1 -I. -I/Users/kazuki/.rvm/usr/include -D_XOPEN_SOURCE -D_DARWIN_C_SOURCE   -D_GNU_SOURCE  -D_BSD_SOURCE   -O3 -ggdb -Wextra -Wno-unused-parameter -Wno-parentheses -Wno-long-long -Wno-missing-field-initializers -Wpointer-arith -Wwrite-strings -Wdeclaration-after-statement -Wshorten-64-to-32 -Wimplicit-function-declaration  -fno-common -pipe conftest.c  -L. -L/Users/kazuki/.rvm/rubies/ruby-1.9.3-p125/lib -L/Users/kazuki/.rvm/usr/lib -L. -L/usr/local/lib     -lruby.1.9.1  -lpthread -ldl -lobjc "
couldn't understand kern.osversion `14.3.0'
ld: warning: directory not found for option '-L/Users/kazuki/.rvm/usr/lib'
checked program was:
/* begin */
 1: #include "ruby.h"
 2: 
 3: int main(int argc, char * const argv[]) {
 4:         unsigned long i = 0;
 5:         __sync_lock_test_and_set(&i, 0);
 6:         __sync_lock_test_and_set(&i, 1);
 7:         __sync_bool_compare_and_swap(&i, 0, 1);
 8:         __sync_add_and_fetch(&i, argc);
 9:         __sync_sub_and_fetch(&i, argc);
10:         return 0;
11: }
/* end */

--------------------

