have_macro: checking for CLOCK_MONOTONIC in time.h... -------------------- no

"gcc-4.2 -o conftest -I/Users/kazuki/.rvm/rubies/ruby-1.9.3-p125/include/ruby-1.9.1/x86_64-darwin13.1.0 -I/Users/kazuki/.rvm/rubies/ruby-1.9.3-p125/include/ruby-1.9.1/ruby/backward -I/Users/kazuki/.rvm/rubies/ruby-1.9.3-p125/include/ruby-1.9.1 -I. -I/Users/kazuki/.rvm/usr/include -D_XOPEN_SOURCE -D_DARWIN_C_SOURCE   -D_GNU_SOURCE -DPOSIX_C_SOURCE=1-D_POSIX_C_SOURCE=200112L  -O3 -ggdb -Wextra -Wno-unused-parameter -Wno-parentheses -Wno-long-long -Wno-missing-field-initializers -Wpointer-arith -Wwrite-strings -Wdeclaration-after-statement -Wshorten-64-to-32 -Wimplicit-function-declaration  -fno-common -pipe conftest.c  -L. -L/Users/kazuki/.rvm/rubies/ruby-1.9.3-p125/lib -L/Users/kazuki/.rvm/usr/lib -L. -L/usr/local/lib     -lruby.1.9.1  -lpthread -ldl -lobjc "
couldn't understand kern.osversion `14.3.0'
ld: warning: directory not found for option '-L/Users/kazuki/.rvm/usr/lib'
checked program was:
/* begin */
1: #include "ruby.h"
2: 
3: int main() {return 0;}
/* end */

"gcc-4.2 -I/Users/kazuki/.rvm/rubies/ruby-1.9.3-p125/include/ruby-1.9.1/x86_64-darwin13.1.0 -I/Users/kazuki/.rvm/rubies/ruby-1.9.3-p125/include/ruby-1.9.1/ruby/backward -I/Users/kazuki/.rvm/rubies/ruby-1.9.3-p125/include/ruby-1.9.1 -I. -I/Users/kazuki/.rvm/usr/include -D_XOPEN_SOURCE -D_DARWIN_C_SOURCE   -D_GNU_SOURCE -DPOSIX_C_SOURCE=1-D_POSIX_C_SOURCE=200112L  -O3 -ggdb -Wextra -Wno-unused-parameter -Wno-parentheses -Wno-long-long -Wno-missing-field-initializers -Wpointer-arith -Wwrite-strings -Wdeclaration-after-statement -Wshorten-64-to-32 -Wimplicit-function-declaration  -fno-common -pipe   -c conftest.c"
couldn't understand kern.osversion `14.3.0'
conftest.c:6:3: error: #error 
conftest.c:7: error: expected identifier or ‘(’ before ‘>>’ token
checked program was:
/* begin */
1: #include "ruby.h"
2: 
3: #include <time.h>
4: /*top*/
5: #ifndef CLOCK_MONOTONIC
6: # error
7: >>>>>> CLOCK_MONOTONIC undefined <<<<<<
8: #endif
/* end */

--------------------

have_func: checking for CLOCK_MONOTONIC() in time.h... -------------------- no

"gcc-4.2 -o conftest -I/Users/kazuki/.rvm/rubies/ruby-1.9.3-p125/include/ruby-1.9.1/x86_64-darwin13.1.0 -I/Users/kazuki/.rvm/rubies/ruby-1.9.3-p125/include/ruby-1.9.1/ruby/backward -I/Users/kazuki/.rvm/rubies/ruby-1.9.3-p125/include/ruby-1.9.1 -I. -I/Users/kazuki/.rvm/usr/include -D_XOPEN_SOURCE -D_DARWIN_C_SOURCE   -D_GNU_SOURCE -DPOSIX_C_SOURCE=1-D_POSIX_C_SOURCE=200112L  -O3 -ggdb -Wextra -Wno-unused-parameter -Wno-parentheses -Wno-long-long -Wno-missing-field-initializers -Wpointer-arith -Wwrite-strings -Wdeclaration-after-statement -Wshorten-64-to-32 -Wimplicit-function-declaration  -fno-common -pipe conftest.c  -L. -L/Users/kazuki/.rvm/rubies/ruby-1.9.3-p125/lib -L/Users/kazuki/.rvm/usr/lib -L. -L/usr/local/lib     -lruby.1.9.1  -lpthread -ldl -lobjc "
couldn't understand kern.osversion `14.3.0'
conftest.c: In function ‘t’:
conftest.c:7: error: ‘CLOCK_MONOTONIC’ undeclared (first use in this function)
conftest.c:7: error: (Each undeclared identifier is reported only once
conftest.c:7: error: for each function it appears in.)
checked program was:
/* begin */
1: #include "ruby.h"
2: 
3: #include <time.h>
4: 
5: /*top*/
6: int main() {return 0;}
7: int t() { void ((*volatile p)()); p = (void ((*)()))CLOCK_MONOTONIC; return 0; }
/* end */

"gcc-4.2 -o conftest -I/Users/kazuki/.rvm/rubies/ruby-1.9.3-p125/include/ruby-1.9.1/x86_64-darwin13.1.0 -I/Users/kazuki/.rvm/rubies/ruby-1.9.3-p125/include/ruby-1.9.1/ruby/backward -I/Users/kazuki/.rvm/rubies/ruby-1.9.3-p125/include/ruby-1.9.1 -I. -I/Users/kazuki/.rvm/usr/include -D_XOPEN_SOURCE -D_DARWIN_C_SOURCE   -D_GNU_SOURCE -DPOSIX_C_SOURCE=1-D_POSIX_C_SOURCE=200112L  -O3 -ggdb -Wextra -Wno-unused-parameter -Wno-parentheses -Wno-long-long -Wno-missing-field-initializers -Wpointer-arith -Wwrite-strings -Wdeclaration-after-statement -Wshorten-64-to-32 -Wimplicit-function-declaration  -fno-common -pipe conftest.c  -L. -L/Users/kazuki/.rvm/rubies/ruby-1.9.3-p125/lib -L/Users/kazuki/.rvm/usr/lib -L. -L/usr/local/lib     -lruby.1.9.1  -lpthread -ldl -lobjc "
couldn't understand kern.osversion `14.3.0'
conftest.c: In function ‘t’:
conftest.c:7: warning: implicit declaration of function ‘CLOCK_MONOTONIC’
ld: warning: directory not found for option '-L/Users/kazuki/.rvm/usr/lib'
Undefined symbols for architecture x86_64:
  "_CLOCK_MONOTONIC", referenced from:
      _t in cc2GmQex.o
ld: symbol(s) not found for architecture x86_64
collect2: ld returned 1 exit status
checked program was:
/* begin */
1: #include "ruby.h"
2: 
3: #include <time.h>
4: 
5: /*top*/
6: int main() {return 0;}
7: int t() { CLOCK_MONOTONIC(); return 0; }
/* end */

--------------------

have_type: checking for clockid_t in time.h... -------------------- no

"gcc-4.2 -I/Users/kazuki/.rvm/rubies/ruby-1.9.3-p125/include/ruby-1.9.1/x86_64-darwin13.1.0 -I/Users/kazuki/.rvm/rubies/ruby-1.9.3-p125/include/ruby-1.9.1/ruby/backward -I/Users/kazuki/.rvm/rubies/ruby-1.9.3-p125/include/ruby-1.9.1 -I. -I/Users/kazuki/.rvm/usr/include -D_XOPEN_SOURCE -D_DARWIN_C_SOURCE   -D_GNU_SOURCE -DPOSIX_C_SOURCE=1-D_POSIX_C_SOURCE=200112L  -O3 -ggdb -Wextra -Wno-unused-parameter -Wno-parentheses -Wno-long-long -Wno-missing-field-initializers -Wpointer-arith -Wwrite-strings -Wdeclaration-after-statement -Wshorten-64-to-32 -Wimplicit-function-declaration  -fno-common -pipe   -c conftest.c"
couldn't understand kern.osversion `14.3.0'
conftest.c:6: error: expected ‘=’, ‘,’, ‘;’, ‘asm’ or ‘__attribute__’ before ‘conftest_type’
conftest.c:7: error: ‘conftest_type’ undeclared here (not in a function)
checked program was:
/* begin */
1: #include "ruby.h"
2: 
3: #include <time.h>
4: 
5: /*top*/
6: typedef clockid_t conftest_type;
7: int conftestval[sizeof(conftest_type)?1:-1];
/* end */

--------------------

have_library: checking for clock_gettime() in -lrt... -------------------- no

"gcc-4.2 -o conftest -I/Users/kazuki/.rvm/rubies/ruby-1.9.3-p125/include/ruby-1.9.1/x86_64-darwin13.1.0 -I/Users/kazuki/.rvm/rubies/ruby-1.9.3-p125/include/ruby-1.9.1/ruby/backward -I/Users/kazuki/.rvm/rubies/ruby-1.9.3-p125/include/ruby-1.9.1 -I. -I/Users/kazuki/.rvm/usr/include -D_XOPEN_SOURCE -D_DARWIN_C_SOURCE   -D_GNU_SOURCE -DPOSIX_C_SOURCE=1-D_POSIX_C_SOURCE=200112L  -O3 -ggdb -Wextra -Wno-unused-parameter -Wno-parentheses -Wno-long-long -Wno-missing-field-initializers -Wpointer-arith -Wwrite-strings -Wdeclaration-after-statement -Wshorten-64-to-32 -Wimplicit-function-declaration  -fno-common -pipe conftest.c  -L. -L/Users/kazuki/.rvm/rubies/ruby-1.9.3-p125/lib -L/Users/kazuki/.rvm/usr/lib -L. -L/usr/local/lib     -lruby.1.9.1 -lrt  -lpthread -ldl -lobjc "
couldn't understand kern.osversion `14.3.0'
conftest.c: In function ‘t’:
conftest.c:7: error: ‘clock_gettime’ undeclared (first use in this function)
conftest.c:7: error: (Each undeclared identifier is reported only once
conftest.c:7: error: for each function it appears in.)
checked program was:
/* begin */
1: #include "ruby.h"
2: 
3: #include <time.h>
4: 
5: /*top*/
6: int main() {return 0;}
7: int t() { void ((*volatile p)()); p = (void ((*)()))clock_gettime; return 0; }
/* end */

"gcc-4.2 -o conftest -I/Users/kazuki/.rvm/rubies/ruby-1.9.3-p125/include/ruby-1.9.1/x86_64-darwin13.1.0 -I/Users/kazuki/.rvm/rubies/ruby-1.9.3-p125/include/ruby-1.9.1/ruby/backward -I/Users/kazuki/.rvm/rubies/ruby-1.9.3-p125/include/ruby-1.9.1 -I. -I/Users/kazuki/.rvm/usr/include -D_XOPEN_SOURCE -D_DARWIN_C_SOURCE   -D_GNU_SOURCE -DPOSIX_C_SOURCE=1-D_POSIX_C_SOURCE=200112L  -O3 -ggdb -Wextra -Wno-unused-parameter -Wno-parentheses -Wno-long-long -Wno-missing-field-initializers -Wpointer-arith -Wwrite-strings -Wdeclaration-after-statement -Wshorten-64-to-32 -Wimplicit-function-declaration  -fno-common -pipe conftest.c  -L. -L/Users/kazuki/.rvm/rubies/ruby-1.9.3-p125/lib -L/Users/kazuki/.rvm/usr/lib -L. -L/usr/local/lib     -lruby.1.9.1 -lrt  -lpthread -ldl -lobjc "
couldn't understand kern.osversion `14.3.0'
conftest.c: In function ‘t’:
conftest.c:7: warning: implicit declaration of function ‘clock_gettime’
ld: warning: directory not found for option '-L/Users/kazuki/.rvm/usr/lib'
ld: library not found for -lrt
collect2: ld returned 1 exit status
checked program was:
/* begin */
1: #include "ruby.h"
2: 
3: #include <time.h>
4: 
5: /*top*/
6: int main() {return 0;}
7: int t() { clock_gettime(); return 0; }
/* end */

--------------------

have_library: checking for t_open() in -lnsl... -------------------- no

"gcc-4.2 -o conftest -I/Users/kazuki/.rvm/rubies/ruby-1.9.3-p125/include/ruby-1.9.1/x86_64-darwin13.1.0 -I/Users/kazuki/.rvm/rubies/ruby-1.9.3-p125/include/ruby-1.9.1/ruby/backward -I/Users/kazuki/.rvm/rubies/ruby-1.9.3-p125/include/ruby-1.9.1 -I. -I/Users/kazuki/.rvm/usr/include -D_XOPEN_SOURCE -D_DARWIN_C_SOURCE   -D_GNU_SOURCE -DPOSIX_C_SOURCE=1-D_POSIX_C_SOURCE=200112L  -O3 -ggdb -Wextra -Wno-unused-parameter -Wno-parentheses -Wno-long-long -Wno-missing-field-initializers -Wpointer-arith -Wwrite-strings -Wdeclaration-after-statement -Wshorten-64-to-32 -Wimplicit-function-declaration  -fno-common -pipe conftest.c  -L. -L/Users/kazuki/.rvm/rubies/ruby-1.9.3-p125/lib -L/Users/kazuki/.rvm/usr/lib -L. -L/usr/local/lib     -lruby.1.9.1 -lnsl  -lpthread -ldl -lobjc "
couldn't understand kern.osversion `14.3.0'
conftest.c: In function ‘t’:
conftest.c:5: error: ‘t_open’ undeclared (first use in this function)
conftest.c:5: error: (Each undeclared identifier is reported only once
conftest.c:5: error: for each function it appears in.)
checked program was:
/* begin */
1: #include "ruby.h"
2: 
3: /*top*/
4: int main() {return 0;}
5: int t() { void ((*volatile p)()); p = (void ((*)()))t_open; return 0; }
/* end */

"gcc-4.2 -o conftest -I/Users/kazuki/.rvm/rubies/ruby-1.9.3-p125/include/ruby-1.9.1/x86_64-darwin13.1.0 -I/Users/kazuki/.rvm/rubies/ruby-1.9.3-p125/include/ruby-1.9.1/ruby/backward -I/Users/kazuki/.rvm/rubies/ruby-1.9.3-p125/include/ruby-1.9.1 -I. -I/Users/kazuki/.rvm/usr/include -D_XOPEN_SOURCE -D_DARWIN_C_SOURCE   -D_GNU_SOURCE -DPOSIX_C_SOURCE=1-D_POSIX_C_SOURCE=200112L  -O3 -ggdb -Wextra -Wno-unused-parameter -Wno-parentheses -Wno-long-long -Wno-missing-field-initializers -Wpointer-arith -Wwrite-strings -Wdeclaration-after-statement -Wshorten-64-to-32 -Wimplicit-function-declaration  -fno-common -pipe conftest.c  -L. -L/Users/kazuki/.rvm/rubies/ruby-1.9.3-p125/lib -L/Users/kazuki/.rvm/usr/lib -L. -L/usr/local/lib     -lruby.1.9.1 -lnsl  -lpthread -ldl -lobjc "
couldn't understand kern.osversion `14.3.0'
conftest.c: In function ‘t’:
conftest.c:5: warning: implicit declaration of function ‘t_open’
ld: warning: directory not found for option '-L/Users/kazuki/.rvm/usr/lib'
ld: library not found for -lnsl
collect2: ld returned 1 exit status
checked program was:
/* begin */
1: #include "ruby.h"
2: 
3: /*top*/
4: int main() {return 0;}
5: int t() { t_open(); return 0; }
/* end */

--------------------

have_library: checking for socket() in -lsocket... -------------------- no

"gcc-4.2 -o conftest -I/Users/kazuki/.rvm/rubies/ruby-1.9.3-p125/include/ruby-1.9.1/x86_64-darwin13.1.0 -I/Users/kazuki/.rvm/rubies/ruby-1.9.3-p125/include/ruby-1.9.1/ruby/backward -I/Users/kazuki/.rvm/rubies/ruby-1.9.3-p125/include/ruby-1.9.1 -I. -I/Users/kazuki/.rvm/usr/include -D_XOPEN_SOURCE -D_DARWIN_C_SOURCE   -D_GNU_SOURCE -DPOSIX_C_SOURCE=1-D_POSIX_C_SOURCE=200112L  -O3 -ggdb -Wextra -Wno-unused-parameter -Wno-parentheses -Wno-long-long -Wno-missing-field-initializers -Wpointer-arith -Wwrite-strings -Wdeclaration-after-statement -Wshorten-64-to-32 -Wimplicit-function-declaration  -fno-common -pipe conftest.c  -L. -L/Users/kazuki/.rvm/rubies/ruby-1.9.3-p125/lib -L/Users/kazuki/.rvm/usr/lib -L. -L/usr/local/lib     -lruby.1.9.1 -lsocket  -lpthread -ldl -lobjc "
couldn't understand kern.osversion `14.3.0'
conftest.c: In function ‘t’:
conftest.c:5: error: ‘socket’ undeclared (first use in this function)
conftest.c:5: error: (Each undeclared identifier is reported only once
conftest.c:5: error: for each function it appears in.)
checked program was:
/* begin */
1: #include "ruby.h"
2: 
3: /*top*/
4: int main() {return 0;}
5: int t() { void ((*volatile p)()); p = (void ((*)()))socket; return 0; }
/* end */

"gcc-4.2 -o conftest -I/Users/kazuki/.rvm/rubies/ruby-1.9.3-p125/include/ruby-1.9.1/x86_64-darwin13.1.0 -I/Users/kazuki/.rvm/rubies/ruby-1.9.3-p125/include/ruby-1.9.1/ruby/backward -I/Users/kazuki/.rvm/rubies/ruby-1.9.3-p125/include/ruby-1.9.1 -I. -I/Users/kazuki/.rvm/usr/include -D_XOPEN_SOURCE -D_DARWIN_C_SOURCE   -D_GNU_SOURCE -DPOSIX_C_SOURCE=1-D_POSIX_C_SOURCE=200112L  -O3 -ggdb -Wextra -Wno-unused-parameter -Wno-parentheses -Wno-long-long -Wno-missing-field-initializers -Wpointer-arith -Wwrite-strings -Wdeclaration-after-statement -Wshorten-64-to-32 -Wimplicit-function-declaration  -fno-common -pipe conftest.c  -L. -L/Users/kazuki/.rvm/rubies/ruby-1.9.3-p125/lib -L/Users/kazuki/.rvm/usr/lib -L. -L/usr/local/lib     -lruby.1.9.1 -lsocket  -lpthread -ldl -lobjc "
couldn't understand kern.osversion `14.3.0'
conftest.c: In function ‘t’:
conftest.c:5: warning: implicit declaration of function ‘socket’
ld: warning: directory not found for option '-L/Users/kazuki/.rvm/usr/lib'
ld: library not found for -lsocket
collect2: ld returned 1 exit status
checked program was:
/* begin */
1: #include "ruby.h"
2: 
3: /*top*/
4: int main() {return 0;}
5: int t() { socket(); return 0; }
/* end */

--------------------

have_func: checking for poll() in poll.h... -------------------- yes

"gcc-4.2 -o conftest -I/Users/kazuki/.rvm/rubies/ruby-1.9.3-p125/include/ruby-1.9.1/x86_64-darwin13.1.0 -I/Users/kazuki/.rvm/rubies/ruby-1.9.3-p125/include/ruby-1.9.1/ruby/backward -I/Users/kazuki/.rvm/rubies/ruby-1.9.3-p125/include/ruby-1.9.1 -I. -I/Users/kazuki/.rvm/usr/include -D_XOPEN_SOURCE -D_DARWIN_C_SOURCE   -D_GNU_SOURCE -DPOSIX_C_SOURCE=1-D_POSIX_C_SOURCE=200112L  -O3 -ggdb -Wextra -Wno-unused-parameter -Wno-parentheses -Wno-long-long -Wno-missing-field-initializers -Wpointer-arith -Wwrite-strings -Wdeclaration-after-statement -Wshorten-64-to-32 -Wimplicit-function-declaration  -fno-common -pipe conftest.c  -L. -L/Users/kazuki/.rvm/rubies/ruby-1.9.3-p125/lib -L/Users/kazuki/.rvm/usr/lib -L. -L/usr/local/lib     -lruby.1.9.1  -lpthread -ldl -lobjc "
couldn't understand kern.osversion `14.3.0'
ld: warning: directory not found for option '-L/Users/kazuki/.rvm/usr/lib'
checked program was:
/* begin */
1: #include "ruby.h"
2: 
3: #include <poll.h>
4: 
5: /*top*/
6: int main() {return 0;}
7: int t() { void ((*volatile p)()); p = (void ((*)()))poll; return 0; }
/* end */

--------------------

have_func: checking for getaddrinfo() in sys/types.h,sys/socket.h,netdb.h... -------------------- yes

"gcc-4.2 -o conftest -I/Users/kazuki/.rvm/rubies/ruby-1.9.3-p125/include/ruby-1.9.1/x86_64-darwin13.1.0 -I/Users/kazuki/.rvm/rubies/ruby-1.9.3-p125/include/ruby-1.9.1/ruby/backward -I/Users/kazuki/.rvm/rubies/ruby-1.9.3-p125/include/ruby-1.9.1 -I. -I/Users/kazuki/.rvm/usr/include -D_XOPEN_SOURCE -D_DARWIN_C_SOURCE   -D_GNU_SOURCE -DPOSIX_C_SOURCE=1-D_POSIX_C_SOURCE=200112L  -O3 -ggdb -Wextra -Wno-unused-parameter -Wno-parentheses -Wno-long-long -Wno-missing-field-initializers -Wpointer-arith -Wwrite-strings -Wdeclaration-after-statement -Wshorten-64-to-32 -Wimplicit-function-declaration  -fno-common -pipe conftest.c  -L. -L/Users/kazuki/.rvm/rubies/ruby-1.9.3-p125/lib -L/Users/kazuki/.rvm/usr/lib -L. -L/usr/local/lib     -lruby.1.9.1  -lpthread -ldl -lobjc "
couldn't understand kern.osversion `14.3.0'
ld: warning: directory not found for option '-L/Users/kazuki/.rvm/usr/lib'
checked program was:
/* begin */
1: #include "ruby.h"
2: 
3: #include <sys/types.h>
4: #include <sys/socket.h>
5: #include <netdb.h>
6: 
7: /*top*/
8: int main() {return 0;}
9: int t() { void ((*volatile p)()); p = (void ((*)()))getaddrinfo; return 0; }
/* end */

--------------------

have_func: checking for getnameinfo() in sys/types.h,sys/socket.h,netdb.h... -------------------- yes

"gcc-4.2 -o conftest -I/Users/kazuki/.rvm/rubies/ruby-1.9.3-p125/include/ruby-1.9.1/x86_64-darwin13.1.0 -I/Users/kazuki/.rvm/rubies/ruby-1.9.3-p125/include/ruby-1.9.1/ruby/backward -I/Users/kazuki/.rvm/rubies/ruby-1.9.3-p125/include/ruby-1.9.1 -I. -I/Users/kazuki/.rvm/usr/include -D_XOPEN_SOURCE -D_DARWIN_C_SOURCE   -D_GNU_SOURCE -DPOSIX_C_SOURCE=1-D_POSIX_C_SOURCE=200112L  -O3 -ggdb -Wextra -Wno-unused-parameter -Wno-parentheses -Wno-long-long -Wno-missing-field-initializers -Wpointer-arith -Wwrite-strings -Wdeclaration-after-statement -Wshorten-64-to-32 -Wimplicit-function-declaration  -fno-common -pipe conftest.c  -L. -L/Users/kazuki/.rvm/rubies/ruby-1.9.3-p125/lib -L/Users/kazuki/.rvm/usr/lib -L. -L/usr/local/lib     -lruby.1.9.1  -lpthread -ldl -lobjc "
couldn't understand kern.osversion `14.3.0'
ld: warning: directory not found for option '-L/Users/kazuki/.rvm/usr/lib'
checked program was:
/* begin */
1: #include "ruby.h"
2: 
3: #include <sys/types.h>
4: #include <sys/socket.h>
5: #include <netdb.h>
6: 
7: /*top*/
8: int main() {return 0;}
9: int t() { void ((*volatile p)()); p = (void ((*)()))getnameinfo; return 0; }
/* end */

--------------------

have_type: checking for struct sockaddr_storage in sys/types.h,sys/socket.h... -------------------- yes

"gcc-4.2 -I/Users/kazuki/.rvm/rubies/ruby-1.9.3-p125/include/ruby-1.9.1/x86_64-darwin13.1.0 -I/Users/kazuki/.rvm/rubies/ruby-1.9.3-p125/include/ruby-1.9.1/ruby/backward -I/Users/kazuki/.rvm/rubies/ruby-1.9.3-p125/include/ruby-1.9.1 -I. -I/Users/kazuki/.rvm/usr/include -D_XOPEN_SOURCE -D_DARWIN_C_SOURCE   -D_GNU_SOURCE -DPOSIX_C_SOURCE=1-D_POSIX_C_SOURCE=200112L  -O3 -ggdb -Wextra -Wno-unused-parameter -Wno-parentheses -Wno-long-long -Wno-missing-field-initializers -Wpointer-arith -Wwrite-strings -Wdeclaration-after-statement -Wshorten-64-to-32 -Wimplicit-function-declaration  -fno-common -pipe   -c conftest.c"
couldn't understand kern.osversion `14.3.0'
checked program was:
/* begin */
1: #include "ruby.h"
2: 
3: #include <sys/types.h>
4: #include <sys/socket.h>
5: 
6: /*top*/
7: typedef struct sockaddr_storage conftest_type;
8: int conftestval[sizeof(conftest_type)?1:-1];
/* end */

--------------------

have_func: checking for accept4() in sys/socket.h... -------------------- no

"gcc-4.2 -o conftest -I/Users/kazuki/.rvm/rubies/ruby-1.9.3-p125/include/ruby-1.9.1/x86_64-darwin13.1.0 -I/Users/kazuki/.rvm/rubies/ruby-1.9.3-p125/include/ruby-1.9.1/ruby/backward -I/Users/kazuki/.rvm/rubies/ruby-1.9.3-p125/include/ruby-1.9.1 -I. -I/Users/kazuki/.rvm/usr/include -D_XOPEN_SOURCE -D_DARWIN_C_SOURCE   -D_GNU_SOURCE -DPOSIX_C_SOURCE=1-D_POSIX_C_SOURCE=200112L  -O3 -ggdb -Wextra -Wno-unused-parameter -Wno-parentheses -Wno-long-long -Wno-missing-field-initializers -Wpointer-arith -Wwrite-strings -Wdeclaration-after-statement -Wshorten-64-to-32 -Wimplicit-function-declaration  -fno-common -pipe conftest.c  -L. -L/Users/kazuki/.rvm/rubies/ruby-1.9.3-p125/lib -L/Users/kazuki/.rvm/usr/lib -L. -L/usr/local/lib     -lruby.1.9.1  -lpthread -ldl -lobjc "
couldn't understand kern.osversion `14.3.0'
conftest.c: In function ‘t’:
conftest.c:7: error: ‘accept4’ undeclared (first use in this function)
conftest.c:7: error: (Each undeclared identifier is reported only once
conftest.c:7: error: for each function it appears in.)
checked program was:
/* begin */
1: #include "ruby.h"
2: 
3: #include <sys/socket.h>
4: 
5: /*top*/
6: int main() {return 0;}
7: int t() { void ((*volatile p)()); p = (void ((*)()))accept4; return 0; }
/* end */

"gcc-4.2 -o conftest -I/Users/kazuki/.rvm/rubies/ruby-1.9.3-p125/include/ruby-1.9.1/x86_64-darwin13.1.0 -I/Users/kazuki/.rvm/rubies/ruby-1.9.3-p125/include/ruby-1.9.1/ruby/backward -I/Users/kazuki/.rvm/rubies/ruby-1.9.3-p125/include/ruby-1.9.1 -I. -I/Users/kazuki/.rvm/usr/include -D_XOPEN_SOURCE -D_DARWIN_C_SOURCE   -D_GNU_SOURCE -DPOSIX_C_SOURCE=1-D_POSIX_C_SOURCE=200112L  -O3 -ggdb -Wextra -Wno-unused-parameter -Wno-parentheses -Wno-long-long -Wno-missing-field-initializers -Wpointer-arith -Wwrite-strings -Wdeclaration-after-statement -Wshorten-64-to-32 -Wimplicit-function-declaration  -fno-common -pipe conftest.c  -L. -L/Users/kazuki/.rvm/rubies/ruby-1.9.3-p125/lib -L/Users/kazuki/.rvm/usr/lib -L. -L/usr/local/lib     -lruby.1.9.1  -lpthread -ldl -lobjc "
couldn't understand kern.osversion `14.3.0'
conftest.c: In function ‘t’:
conftest.c:7: warning: implicit declaration of function ‘accept4’
ld: warning: directory not found for option '-L/Users/kazuki/.rvm/usr/lib'
Undefined symbols for architecture x86_64:
  "_accept4", referenced from:
      _t in cci36D8z.o
ld: symbol(s) not found for architecture x86_64
collect2: ld returned 1 exit status
checked program was:
/* begin */
1: #include "ruby.h"
2: 
3: #include <sys/socket.h>
4: 
5: /*top*/
6: int main() {return 0;}
7: int t() { accept4(); return 0; }
/* end */

--------------------

have_header: checking for sys/select.h... -------------------- yes

"gcc-4.2 -E -I/Users/kazuki/.rvm/rubies/ruby-1.9.3-p125/include/ruby-1.9.1/x86_64-darwin13.1.0 -I/Users/kazuki/.rvm/rubies/ruby-1.9.3-p125/include/ruby-1.9.1/ruby/backward -I/Users/kazuki/.rvm/rubies/ruby-1.9.3-p125/include/ruby-1.9.1 -I. -I/Users/kazuki/.rvm/usr/include -D_XOPEN_SOURCE -D_DARWIN_C_SOURCE   -D_GNU_SOURCE -DPOSIX_C_SOURCE=1-D_POSIX_C_SOURCE=200112L  -O3 -ggdb -Wextra -Wno-unused-parameter -Wno-parentheses -Wno-long-long -Wno-missing-field-initializers -Wpointer-arith -Wwrite-strings -Wdeclaration-after-statement -Wshorten-64-to-32 -Wimplicit-function-declaration  -fno-common -pipe  conftest.c -o conftest.i"
couldn't understand kern.osversion `14.3.0'
checked program was:
/* begin */
1: #include "ruby.h"
2: 
3: #include <sys/select.h>
/* end */

--------------------

have_func: checking for writev() in sys/uio.h... -------------------- yes

"gcc-4.2 -o conftest -I/Users/kazuki/.rvm/rubies/ruby-1.9.3-p125/include/ruby-1.9.1/x86_64-darwin13.1.0 -I/Users/kazuki/.rvm/rubies/ruby-1.9.3-p125/include/ruby-1.9.1/ruby/backward -I/Users/kazuki/.rvm/rubies/ruby-1.9.3-p125/include/ruby-1.9.1 -I. -I/Users/kazuki/.rvm/usr/include -D_XOPEN_SOURCE -D_DARWIN_C_SOURCE   -D_GNU_SOURCE -DPOSIX_C_SOURCE=1-D_POSIX_C_SOURCE=200112L  -O3 -ggdb -Wextra -Wno-unused-parameter -Wno-parentheses -Wno-long-long -Wno-missing-field-initializers -Wpointer-arith -Wwrite-strings -Wdeclaration-after-statement -Wshorten-64-to-32 -Wimplicit-function-declaration  -fno-common -pipe conftest.c  -L. -L/Users/kazuki/.rvm/rubies/ruby-1.9.3-p125/lib -L/Users/kazuki/.rvm/usr/lib -L. -L/usr/local/lib     -lruby.1.9.1  -lpthread -ldl -lobjc "
couldn't understand kern.osversion `14.3.0'
ld: warning: directory not found for option '-L/Users/kazuki/.rvm/usr/lib'
checked program was:
/* begin */
1: #include "ruby.h"
2: 
3: #include <sys/uio.h>
4: 
5: /*top*/
6: int main() {return 0;}
7: int t() { void ((*volatile p)()); p = (void ((*)()))writev; return 0; }
/* end */

--------------------

have_header: checking for ruby/io.h... -------------------- yes

"gcc-4.2 -E -I/Users/kazuki/.rvm/rubies/ruby-1.9.3-p125/include/ruby-1.9.1/x86_64-darwin13.1.0 -I/Users/kazuki/.rvm/rubies/ruby-1.9.3-p125/include/ruby-1.9.1/ruby/backward -I/Users/kazuki/.rvm/rubies/ruby-1.9.3-p125/include/ruby-1.9.1 -I. -I/Users/kazuki/.rvm/usr/include -D_XOPEN_SOURCE -D_DARWIN_C_SOURCE   -D_GNU_SOURCE -DPOSIX_C_SOURCE=1-D_POSIX_C_SOURCE=200112L  -O3 -ggdb -Wextra -Wno-unused-parameter -Wno-parentheses -Wno-long-long -Wno-missing-field-initializers -Wpointer-arith -Wwrite-strings -Wdeclaration-after-statement -Wshorten-64-to-32 -Wimplicit-function-declaration  -fno-common -pipe  conftest.c -o conftest.i"
couldn't understand kern.osversion `14.3.0'
checked program was:
/* begin */
1: #include "ruby.h"
2: 
3: #include <ruby/io.h>
/* end */

--------------------

have_struct_member: checking for rb_io_t.fd in ruby.h,ruby/io.h... -------------------- yes

"gcc-4.2 -I/Users/kazuki/.rvm/rubies/ruby-1.9.3-p125/include/ruby-1.9.1/x86_64-darwin13.1.0 -I/Users/kazuki/.rvm/rubies/ruby-1.9.3-p125/include/ruby-1.9.1/ruby/backward -I/Users/kazuki/.rvm/rubies/ruby-1.9.3-p125/include/ruby-1.9.1 -I. -I/Users/kazuki/.rvm/usr/include -D_XOPEN_SOURCE -D_DARWIN_C_SOURCE   -D_GNU_SOURCE -DPOSIX_C_SOURCE=1-D_POSIX_C_SOURCE=200112L  -O3 -ggdb -Wextra -Wno-unused-parameter -Wno-parentheses -Wno-long-long -Wno-missing-field-initializers -Wpointer-arith -Wwrite-strings -Wdeclaration-after-statement -Wshorten-64-to-32 -Wimplicit-function-declaration  -fno-common -pipe   -c conftest.c"
couldn't understand kern.osversion `14.3.0'
checked program was:
/* begin */
1: #include "ruby.h"
2: 
3: #include <ruby.h>
4: #include <ruby/io.h>
5: 
6: /*top*/
7: int main() {return 0;}
8: int s = (char *)&((rb_io_t*)0)->fd - (char *)0;
/* end */

--------------------

have_struct_member: checking for rb_io_t.mode in ruby.h,ruby/io.h... -------------------- yes

"gcc-4.2 -I/Users/kazuki/.rvm/rubies/ruby-1.9.3-p125/include/ruby-1.9.1/x86_64-darwin13.1.0 -I/Users/kazuki/.rvm/rubies/ruby-1.9.3-p125/include/ruby-1.9.1/ruby/backward -I/Users/kazuki/.rvm/rubies/ruby-1.9.3-p125/include/ruby-1.9.1 -I. -I/Users/kazuki/.rvm/usr/include -D_XOPEN_SOURCE -D_DARWIN_C_SOURCE   -D_GNU_SOURCE -DPOSIX_C_SOURCE=1-D_POSIX_C_SOURCE=200112L  -O3 -ggdb -Wextra -Wno-unused-parameter -Wno-parentheses -Wno-long-long -Wno-missing-field-initializers -Wpointer-arith -Wwrite-strings -Wdeclaration-after-statement -Wshorten-64-to-32 -Wimplicit-function-declaration  -fno-common -pipe   -c conftest.c"
couldn't understand kern.osversion `14.3.0'
checked program was:
/* begin */
1: #include "ruby.h"
2: 
3: #include <ruby.h>
4: #include <ruby/io.h>
5: 
6: /*top*/
7: int main() {return 0;}
8: int s = (char *)&((rb_io_t*)0)->mode - (char *)0;
/* end */

--------------------

have_struct_member: checking for rb_io_t.pathv in ruby.h,ruby/io.h... -------------------- yes

"gcc-4.2 -I/Users/kazuki/.rvm/rubies/ruby-1.9.3-p125/include/ruby-1.9.1/x86_64-darwin13.1.0 -I/Users/kazuki/.rvm/rubies/ruby-1.9.3-p125/include/ruby-1.9.1/ruby/backward -I/Users/kazuki/.rvm/rubies/ruby-1.9.3-p125/include/ruby-1.9.1 -I. -I/Users/kazuki/.rvm/usr/include -D_XOPEN_SOURCE -D_DARWIN_C_SOURCE   -D_GNU_SOURCE -DPOSIX_C_SOURCE=1-D_POSIX_C_SOURCE=200112L  -O3 -ggdb -Wextra -Wno-unused-parameter -Wno-parentheses -Wno-long-long -Wno-missing-field-initializers -Wpointer-arith -Wwrite-strings -Wdeclaration-after-statement -Wshorten-64-to-32 -Wimplicit-function-declaration  -fno-common -pipe   -c conftest.c"
couldn't understand kern.osversion `14.3.0'
checked program was:
/* begin */
1: #include "ruby.h"
2: 
3: #include <ruby.h>
4: #include <ruby/io.h>
5: 
6: /*top*/
7: int main() {return 0;}
8: int s = (char *)&((rb_io_t*)0)->pathv - (char *)0;
/* end */

--------------------

have_type: checking for struct RFile in ruby.h,ruby/io.h... -------------------- yes

"gcc-4.2 -I/Users/kazuki/.rvm/rubies/ruby-1.9.3-p125/include/ruby-1.9.1/x86_64-darwin13.1.0 -I/Users/kazuki/.rvm/rubies/ruby-1.9.3-p125/include/ruby-1.9.1/ruby/backward -I/Users/kazuki/.rvm/rubies/ruby-1.9.3-p125/include/ruby-1.9.1 -I. -I/Users/kazuki/.rvm/usr/include -D_XOPEN_SOURCE -D_DARWIN_C_SOURCE   -D_GNU_SOURCE -DPOSIX_C_SOURCE=1-D_POSIX_C_SOURCE=200112L  -O3 -ggdb -Wextra -Wno-unused-parameter -Wno-parentheses -Wno-long-long -Wno-missing-field-initializers -Wpointer-arith -Wwrite-strings -Wdeclaration-after-statement -Wshorten-64-to-32 -Wimplicit-function-declaration  -fno-common -pipe   -c conftest.c"
couldn't understand kern.osversion `14.3.0'
checked program was:
/* begin */
1: #include "ruby.h"
2: 
3: #include <ruby.h>
4: #include <ruby/io.h>
5: 
6: /*top*/
7: typedef struct RFile conftest_type;
8: int conftestval[sizeof(conftest_type)?1:-1];
/* end */

--------------------

check_sizeof: checking size of struct RFile in ruby.h,ruby/io.h... -------------------- 24

"gcc-4.2 -o conftest -I/Users/kazuki/.rvm/rubies/ruby-1.9.3-p125/include/ruby-1.9.1/x86_64-darwin13.1.0 -I/Users/kazuki/.rvm/rubies/ruby-1.9.3-p125/include/ruby-1.9.1/ruby/backward -I/Users/kazuki/.rvm/rubies/ruby-1.9.3-p125/include/ruby-1.9.1 -I. -I/Users/kazuki/.rvm/usr/include -D_XOPEN_SOURCE -D_DARWIN_C_SOURCE   -D_GNU_SOURCE -DPOSIX_C_SOURCE=1-D_POSIX_C_SOURCE=200112L  -O3 -ggdb -Wextra -Wno-unused-parameter -Wno-parentheses -Wno-long-long -Wno-missing-field-initializers -Wpointer-arith -Wwrite-strings -Wdeclaration-after-statement -Wshorten-64-to-32 -Wimplicit-function-declaration  -fno-common -pipe conftest.c  -L. -L/Users/kazuki/.rvm/rubies/ruby-1.9.3-p125/lib -L/Users/kazuki/.rvm/usr/lib -L. -L/usr/local/lib     -lruby.1.9.1  -lpthread -ldl -lobjc "
couldn't understand kern.osversion `14.3.0'
ld: warning: directory not found for option '-L/Users/kazuki/.rvm/usr/lib'
checked program was:
/* begin */
 1: #include "ruby.h"
 2: 
 3: #include <ruby.h>
 4: #include <ruby/io.h>
 5: typedef struct RFile rbcv_typedef_;
 6: static rbcv_typedef_ *rbcv_ptr_;
 7: 
 8: #include <stdio.h>
 9: /*top*/
10: int conftest_const = (int)(sizeof((*rbcv_ptr_)));
11: int main() {printf("%d\n", conftest_const); return 0;}
/* end */

./conftest |
--------------------

have_type: checking for struct RObject... -------------------- yes

"gcc-4.2 -I/Users/kazuki/.rvm/rubies/ruby-1.9.3-p125/include/ruby-1.9.1/x86_64-darwin13.1.0 -I/Users/kazuki/.rvm/rubies/ruby-1.9.3-p125/include/ruby-1.9.1/ruby/backward -I/Users/kazuki/.rvm/rubies/ruby-1.9.3-p125/include/ruby-1.9.1 -I. -I/Users/kazuki/.rvm/usr/include -D_XOPEN_SOURCE -D_DARWIN_C_SOURCE   -D_GNU_SOURCE -DPOSIX_C_SOURCE=1-D_POSIX_C_SOURCE=200112L  -O3 -ggdb -Wextra -Wno-unused-parameter -Wno-parentheses -Wno-long-long -Wno-missing-field-initializers -Wpointer-arith -Wwrite-strings -Wdeclaration-after-statement -Wshorten-64-to-32 -Wimplicit-function-declaration  -fno-common -pipe   -c conftest.c"
couldn't understand kern.osversion `14.3.0'
checked program was:
/* begin */
1: #include "ruby.h"
2: 
3: /*top*/
4: typedef struct RObject conftest_type;
5: int conftestval[sizeof(conftest_type)?1:-1];
/* end */

--------------------

check_sizeof: checking size of struct RObject... -------------------- 40

"gcc-4.2 -o conftest -I/Users/kazuki/.rvm/rubies/ruby-1.9.3-p125/include/ruby-1.9.1/x86_64-darwin13.1.0 -I/Users/kazuki/.rvm/rubies/ruby-1.9.3-p125/include/ruby-1.9.1/ruby/backward -I/Users/kazuki/.rvm/rubies/ruby-1.9.3-p125/include/ruby-1.9.1 -I. -I/Users/kazuki/.rvm/usr/include -D_XOPEN_SOURCE -D_DARWIN_C_SOURCE   -D_GNU_SOURCE -DPOSIX_C_SOURCE=1-D_POSIX_C_SOURCE=200112L  -O3 -ggdb -Wextra -Wno-unused-parameter -Wno-parentheses -Wno-long-long -Wno-missing-field-initializers -Wpointer-arith -Wwrite-strings -Wdeclaration-after-statement -Wshorten-64-to-32 -Wimplicit-function-declaration  -fno-common -pipe conftest.c  -L. -L/Users/kazuki/.rvm/rubies/ruby-1.9.3-p125/lib -L/Users/kazuki/.rvm/usr/lib -L. -L/usr/local/lib     -lruby.1.9.1  -lpthread -ldl -lobjc "
couldn't understand kern.osversion `14.3.0'
ld: warning: directory not found for option '-L/Users/kazuki/.rvm/usr/lib'
checked program was:
/* begin */
1: #include "ruby.h"
2: 
3: typedef struct RObject rbcv_typedef_;
4: static rbcv_typedef_ *rbcv_ptr_;
5: 
6: #include <stdio.h>
7: /*top*/
8: int conftest_const = (int)(sizeof((*rbcv_ptr_)));
9: int main() {printf("%d\n", conftest_const); return 0;}
/* end */

./conftest |
--------------------

check_sizeof: checking size of int... -------------------- 4

"gcc-4.2 -o conftest -I/Users/kazuki/.rvm/rubies/ruby-1.9.3-p125/include/ruby-1.9.1/x86_64-darwin13.1.0 -I/Users/kazuki/.rvm/rubies/ruby-1.9.3-p125/include/ruby-1.9.1/ruby/backward -I/Users/kazuki/.rvm/rubies/ruby-1.9.3-p125/include/ruby-1.9.1 -I. -I/Users/kazuki/.rvm/usr/include -D_XOPEN_SOURCE -D_DARWIN_C_SOURCE   -D_GNU_SOURCE -DPOSIX_C_SOURCE=1-D_POSIX_C_SOURCE=200112L  -O3 -ggdb -Wextra -Wno-unused-parameter -Wno-parentheses -Wno-long-long -Wno-missing-field-initializers -Wpointer-arith -Wwrite-strings -Wdeclaration-after-statement -Wshorten-64-to-32 -Wimplicit-function-declaration  -fno-common -pipe conftest.c  -L. -L/Users/kazuki/.rvm/rubies/ruby-1.9.3-p125/lib -L/Users/kazuki/.rvm/usr/lib -L. -L/usr/local/lib     -lruby.1.9.1  -lpthread -ldl -lobjc "
couldn't understand kern.osversion `14.3.0'
ld: warning: directory not found for option '-L/Users/kazuki/.rvm/usr/lib'
checked program was:
/* begin */
1: #include "ruby.h"
2: 
3: typedef int rbcv_typedef_;
4: static rbcv_typedef_ *rbcv_ptr_;
5: 
6: #include <stdio.h>
7: /*top*/
8: int conftest_const = (int)(sizeof((*rbcv_ptr_)));
9: int main() {printf("%d\n", conftest_const); return 0;}
/* end */

./conftest |
--------------------

have_func: checking for rb_io_ascii8bit_binmode()... -------------------- yes

"gcc-4.2 -o conftest -I/Users/kazuki/.rvm/rubies/ruby-1.9.3-p125/include/ruby-1.9.1/x86_64-darwin13.1.0 -I/Users/kazuki/.rvm/rubies/ruby-1.9.3-p125/include/ruby-1.9.1/ruby/backward -I/Users/kazuki/.rvm/rubies/ruby-1.9.3-p125/include/ruby-1.9.1 -I. -I/Users/kazuki/.rvm/usr/include -D_XOPEN_SOURCE -D_DARWIN_C_SOURCE   -D_GNU_SOURCE -DPOSIX_C_SOURCE=1-D_POSIX_C_SOURCE=200112L  -O3 -ggdb -Wextra -Wno-unused-parameter -Wno-parentheses -Wno-long-long -Wno-missing-field-initializers -Wpointer-arith -Wwrite-strings -Wdeclaration-after-statement -Wshorten-64-to-32 -Wimplicit-function-declaration  -fno-common -pipe conftest.c  -L. -L/Users/kazuki/.rvm/rubies/ruby-1.9.3-p125/lib -L/Users/kazuki/.rvm/usr/lib -L. -L/usr/local/lib     -lruby.1.9.1  -lpthread -ldl -lobjc "
couldn't understand kern.osversion `14.3.0'
ld: warning: directory not found for option '-L/Users/kazuki/.rvm/usr/lib'
checked program was:
/* begin */
1: #include "ruby.h"
2: 
3: /*top*/
4: int main() {return 0;}
5: int t() { void ((*volatile p)()); p = (void ((*)()))rb_io_ascii8bit_binmode; return 0; }
/* end */

--------------------

have_func: checking for rb_update_max_fd()... -------------------- yes

"gcc-4.2 -o conftest -I/Users/kazuki/.rvm/rubies/ruby-1.9.3-p125/include/ruby-1.9.1/x86_64-darwin13.1.0 -I/Users/kazuki/.rvm/rubies/ruby-1.9.3-p125/include/ruby-1.9.1/ruby/backward -I/Users/kazuki/.rvm/rubies/ruby-1.9.3-p125/include/ruby-1.9.1 -I. -I/Users/kazuki/.rvm/usr/include -D_XOPEN_SOURCE -D_DARWIN_C_SOURCE   -D_GNU_SOURCE -DPOSIX_C_SOURCE=1-D_POSIX_C_SOURCE=200112L  -O3 -ggdb -Wextra -Wno-unused-parameter -Wno-parentheses -Wno-long-long -Wno-missing-field-initializers -Wpointer-arith -Wwrite-strings -Wdeclaration-after-statement -Wshorten-64-to-32 -Wimplicit-function-declaration  -fno-common -pipe conftest.c  -L. -L/Users/kazuki/.rvm/rubies/ruby-1.9.3-p125/lib -L/Users/kazuki/.rvm/usr/lib -L. -L/usr/local/lib     -lruby.1.9.1  -lpthread -ldl -lobjc "
couldn't understand kern.osversion `14.3.0'
ld: warning: directory not found for option '-L/Users/kazuki/.rvm/usr/lib'
checked program was:
/* begin */
1: #include "ruby.h"
2: 
3: /*top*/
4: int main() {return 0;}
5: int t() { void ((*volatile p)()); p = (void ((*)()))rb_update_max_fd; return 0; }
/* end */

--------------------

have_func: checking for rb_fd_fix_cloexec()... -------------------- no

"gcc-4.2 -o conftest -I/Users/kazuki/.rvm/rubies/ruby-1.9.3-p125/include/ruby-1.9.1/x86_64-darwin13.1.0 -I/Users/kazuki/.rvm/rubies/ruby-1.9.3-p125/include/ruby-1.9.1/ruby/backward -I/Users/kazuki/.rvm/rubies/ruby-1.9.3-p125/include/ruby-1.9.1 -I. -I/Users/kazuki/.rvm/usr/include -D_XOPEN_SOURCE -D_DARWIN_C_SOURCE   -D_GNU_SOURCE -DPOSIX_C_SOURCE=1-D_POSIX_C_SOURCE=200112L  -O3 -ggdb -Wextra -Wno-unused-parameter -Wno-parentheses -Wno-long-long -Wno-missing-field-initializers -Wpointer-arith -Wwrite-strings -Wdeclaration-after-statement -Wshorten-64-to-32 -Wimplicit-function-declaration  -fno-common -pipe conftest.c  -L. -L/Users/kazuki/.rvm/rubies/ruby-1.9.3-p125/lib -L/Users/kazuki/.rvm/usr/lib -L. -L/usr/local/lib     -lruby.1.9.1  -lpthread -ldl -lobjc "
couldn't understand kern.osversion `14.3.0'
conftest.c: In function ‘t’:
conftest.c:5: error: ‘rb_fd_fix_cloexec’ undeclared (first use in this function)
conftest.c:5: error: (Each undeclared identifier is reported only once
conftest.c:5: error: for each function it appears in.)
checked program was:
/* begin */
1: #include "ruby.h"
2: 
3: /*top*/
4: int main() {return 0;}
5: int t() { void ((*volatile p)()); p = (void ((*)()))rb_fd_fix_cloexec; return 0; }
/* end */

"gcc-4.2 -o conftest -I/Users/kazuki/.rvm/rubies/ruby-1.9.3-p125/include/ruby-1.9.1/x86_64-darwin13.1.0 -I/Users/kazuki/.rvm/rubies/ruby-1.9.3-p125/include/ruby-1.9.1/ruby/backward -I/Users/kazuki/.rvm/rubies/ruby-1.9.3-p125/include/ruby-1.9.1 -I. -I/Users/kazuki/.rvm/usr/include -D_XOPEN_SOURCE -D_DARWIN_C_SOURCE   -D_GNU_SOURCE -DPOSIX_C_SOURCE=1-D_POSIX_C_SOURCE=200112L  -O3 -ggdb -Wextra -Wno-unused-parameter -Wno-parentheses -Wno-long-long -Wno-missing-field-initializers -Wpointer-arith -Wwrite-strings -Wdeclaration-after-statement -Wshorten-64-to-32 -Wimplicit-function-declaration  -fno-common -pipe conftest.c  -L. -L/Users/kazuki/.rvm/rubies/ruby-1.9.3-p125/lib -L/Users/kazuki/.rvm/usr/lib -L. -L/usr/local/lib     -lruby.1.9.1  -lpthread -ldl -lobjc "
couldn't understand kern.osversion `14.3.0'
conftest.c: In function ‘t’:
conftest.c:5: warning: implicit declaration of function ‘rb_fd_fix_cloexec’
ld: warning: directory not found for option '-L/Users/kazuki/.rvm/usr/lib'
Undefined symbols for architecture x86_64:
  "_rb_fd_fix_cloexec", referenced from:
      _t in ccfTklvU.o
ld: symbol(s) not found for architecture x86_64
collect2: ld returned 1 exit status
checked program was:
/* begin */
1: #include "ruby.h"
2: 
3: /*top*/
4: int main() {return 0;}
5: int t() { rb_fd_fix_cloexec(); return 0; }
/* end */

--------------------

have_func: checking for rb_cloexec_open()... -------------------- no

"gcc-4.2 -o conftest -I/Users/kazuki/.rvm/rubies/ruby-1.9.3-p125/include/ruby-1.9.1/x86_64-darwin13.1.0 -I/Users/kazuki/.rvm/rubies/ruby-1.9.3-p125/include/ruby-1.9.1/ruby/backward -I/Users/kazuki/.rvm/rubies/ruby-1.9.3-p125/include/ruby-1.9.1 -I. -I/Users/kazuki/.rvm/usr/include -D_XOPEN_SOURCE -D_DARWIN_C_SOURCE   -D_GNU_SOURCE -DPOSIX_C_SOURCE=1-D_POSIX_C_SOURCE=200112L  -O3 -ggdb -Wextra -Wno-unused-parameter -Wno-parentheses -Wno-long-long -Wno-missing-field-initializers -Wpointer-arith -Wwrite-strings -Wdeclaration-after-statement -Wshorten-64-to-32 -Wimplicit-function-declaration  -fno-common -pipe conftest.c  -L. -L/Users/kazuki/.rvm/rubies/ruby-1.9.3-p125/lib -L/Users/kazuki/.rvm/usr/lib -L. -L/usr/local/lib     -lruby.1.9.1  -lpthread -ldl -lobjc "
couldn't understand kern.osversion `14.3.0'
conftest.c: In function ‘t’:
conftest.c:5: error: ‘rb_cloexec_open’ undeclared (first use in this function)
conftest.c:5: error: (Each undeclared identifier is reported only once
conftest.c:5: error: for each function it appears in.)
checked program was:
/* begin */
1: #include "ruby.h"
2: 
3: /*top*/
4: int main() {return 0;}
5: int t() { void ((*volatile p)()); p = (void ((*)()))rb_cloexec_open; return 0; }
/* end */

"gcc-4.2 -o conftest -I/Users/kazuki/.rvm/rubies/ruby-1.9.3-p125/include/ruby-1.9.1/x86_64-darwin13.1.0 -I/Users/kazuki/.rvm/rubies/ruby-1.9.3-p125/include/ruby-1.9.1/ruby/backward -I/Users/kazuki/.rvm/rubies/ruby-1.9.3-p125/include/ruby-1.9.1 -I. -I/Users/kazuki/.rvm/usr/include -D_XOPEN_SOURCE -D_DARWIN_C_SOURCE   -D_GNU_SOURCE -DPOSIX_C_SOURCE=1-D_POSIX_C_SOURCE=200112L  -O3 -ggdb -Wextra -Wno-unused-parameter -Wno-parentheses -Wno-long-long -Wno-missing-field-initializers -Wpointer-arith -Wwrite-strings -Wdeclaration-after-statement -Wshorten-64-to-32 -Wimplicit-function-declaration  -fno-common -pipe conftest.c  -L. -L/Users/kazuki/.rvm/rubies/ruby-1.9.3-p125/lib -L/Users/kazuki/.rvm/usr/lib -L. -L/usr/local/lib     -lruby.1.9.1  -lpthread -ldl -lobjc "
couldn't understand kern.osversion `14.3.0'
conftest.c: In function ‘t’:
conftest.c:5: warning: implicit declaration of function ‘rb_cloexec_open’
ld: warning: directory not found for option '-L/Users/kazuki/.rvm/usr/lib'
Undefined symbols for architecture x86_64:
  "_rb_cloexec_open", referenced from:
      _t in cclgdYJz.o
ld: symbol(s) not found for architecture x86_64
collect2: ld returned 1 exit status
checked program was:
/* begin */
1: #include "ruby.h"
2: 
3: /*top*/
4: int main() {return 0;}
5: int t() { rb_cloexec_open(); return 0; }
/* end */

--------------------

have_header: checking for ruby/thread.h... -------------------- no

"gcc-4.2 -E -I/Users/kazuki/.rvm/rubies/ruby-1.9.3-p125/include/ruby-1.9.1/x86_64-darwin13.1.0 -I/Users/kazuki/.rvm/rubies/ruby-1.9.3-p125/include/ruby-1.9.1/ruby/backward -I/Users/kazuki/.rvm/rubies/ruby-1.9.3-p125/include/ruby-1.9.1 -I. -I/Users/kazuki/.rvm/usr/include -D_XOPEN_SOURCE -D_DARWIN_C_SOURCE   -D_GNU_SOURCE -DPOSIX_C_SOURCE=1-D_POSIX_C_SOURCE=200112L  -O3 -ggdb -Wextra -Wno-unused-parameter -Wno-parentheses -Wno-long-long -Wno-missing-field-initializers -Wpointer-arith -Wwrite-strings -Wdeclaration-after-statement -Wshorten-64-to-32 -Wimplicit-function-declaration  -fno-common -pipe  conftest.c -o conftest.i"
couldn't understand kern.osversion `14.3.0'
conftest.c:3:25: error: ruby/thread.h: No such file or directory
checked program was:
/* begin */
1: #include "ruby.h"
2: 
3: #include <ruby/thread.h>
/* end */

--------------------

have_func: checking for rb_thread_call_without_gvl() in ruby/thread.h... -------------------- no

"gcc-4.2 -o conftest -I/Users/kazuki/.rvm/rubies/ruby-1.9.3-p125/include/ruby-1.9.1/x86_64-darwin13.1.0 -I/Users/kazuki/.rvm/rubies/ruby-1.9.3-p125/include/ruby-1.9.1/ruby/backward -I/Users/kazuki/.rvm/rubies/ruby-1.9.3-p125/include/ruby-1.9.1 -I. -I/Users/kazuki/.rvm/usr/include -D_XOPEN_SOURCE -D_DARWIN_C_SOURCE   -D_GNU_SOURCE -DPOSIX_C_SOURCE=1-D_POSIX_C_SOURCE=200112L  -O3 -ggdb -Wextra -Wno-unused-parameter -Wno-parentheses -Wno-long-long -Wno-missing-field-initializers -Wpointer-arith -Wwrite-strings -Wdeclaration-after-statement -Wshorten-64-to-32 -Wimplicit-function-declaration  -fno-common -pipe conftest.c  -L. -L/Users/kazuki/.rvm/rubies/ruby-1.9.3-p125/lib -L/Users/kazuki/.rvm/usr/lib -L. -L/usr/local/lib     -lruby.1.9.1  -lpthread -ldl -lobjc "
couldn't understand kern.osversion `14.3.0'
conftest.c:3:25: error: ruby/thread.h: No such file or directory
conftest.c: In function ‘t’:
conftest.c:7: error: ‘rb_thread_call_without_gvl’ undeclared (first use in this function)
conftest.c:7: error: (Each undeclared identifier is reported only once
conftest.c:7: error: for each function it appears in.)
checked program was:
/* begin */
1: #include "ruby.h"
2: 
3: #include <ruby/thread.h>
4: 
5: /*top*/
6: int main() {return 0;}
7: int t() { void ((*volatile p)()); p = (void ((*)()))rb_thread_call_without_gvl; return 0; }
/* end */

"gcc-4.2 -o conftest -I/Users/kazuki/.rvm/rubies/ruby-1.9.3-p125/include/ruby-1.9.1/x86_64-darwin13.1.0 -I/Users/kazuki/.rvm/rubies/ruby-1.9.3-p125/include/ruby-1.9.1/ruby/backward -I/Users/kazuki/.rvm/rubies/ruby-1.9.3-p125/include/ruby-1.9.1 -I. -I/Users/kazuki/.rvm/usr/include -D_XOPEN_SOURCE -D_DARWIN_C_SOURCE   -D_GNU_SOURCE -DPOSIX_C_SOURCE=1-D_POSIX_C_SOURCE=200112L  -O3 -ggdb -Wextra -Wno-unused-parameter -Wno-parentheses -Wno-long-long -Wno-missing-field-initializers -Wpointer-arith -Wwrite-strings -Wdeclaration-after-statement -Wshorten-64-to-32 -Wimplicit-function-declaration  -fno-common -pipe conftest.c  -L. -L/Users/kazuki/.rvm/rubies/ruby-1.9.3-p125/lib -L/Users/kazuki/.rvm/usr/lib -L. -L/usr/local/lib     -lruby.1.9.1  -lpthread -ldl -lobjc "
couldn't understand kern.osversion `14.3.0'
conftest.c:3:25: error: ruby/thread.h: No such file or directory
conftest.c: In function ‘t’:
conftest.c:7: warning: implicit declaration of function ‘rb_thread_call_without_gvl’
checked program was:
/* begin */
1: #include "ruby.h"
2: 
3: #include <ruby/thread.h>
4: 
5: /*top*/
6: int main() {return 0;}
7: int t() { rb_thread_call_without_gvl(); return 0; }
/* end */

--------------------

have_func: checking for rb_thread_blocking_region()... -------------------- yes

"gcc-4.2 -o conftest -I/Users/kazuki/.rvm/rubies/ruby-1.9.3-p125/include/ruby-1.9.1/x86_64-darwin13.1.0 -I/Users/kazuki/.rvm/rubies/ruby-1.9.3-p125/include/ruby-1.9.1/ruby/backward -I/Users/kazuki/.rvm/rubies/ruby-1.9.3-p125/include/ruby-1.9.1 -I. -I/Users/kazuki/.rvm/usr/include -D_XOPEN_SOURCE -D_DARWIN_C_SOURCE   -D_GNU_SOURCE -DPOSIX_C_SOURCE=1-D_POSIX_C_SOURCE=200112L  -O3 -ggdb -Wextra -Wno-unused-parameter -Wno-parentheses -Wno-long-long -Wno-missing-field-initializers -Wpointer-arith -Wwrite-strings -Wdeclaration-after-statement -Wshorten-64-to-32 -Wimplicit-function-declaration  -fno-common -pipe conftest.c  -L. -L/Users/kazuki/.rvm/rubies/ruby-1.9.3-p125/lib -L/Users/kazuki/.rvm/usr/lib -L. -L/usr/local/lib     -lruby.1.9.1  -lpthread -ldl -lobjc "
couldn't understand kern.osversion `14.3.0'
ld: warning: directory not found for option '-L/Users/kazuki/.rvm/usr/lib'
checked program was:
/* begin */
1: #include "ruby.h"
2: 
3: /*top*/
4: int main() {return 0;}
5: int t() { void ((*volatile p)()); p = (void ((*)()))rb_thread_blocking_region; return 0; }
/* end */

--------------------

have_func: checking for rb_thread_io_blocking_region()... -------------------- yes

"gcc-4.2 -o conftest -I/Users/kazuki/.rvm/rubies/ruby-1.9.3-p125/include/ruby-1.9.1/x86_64-darwin13.1.0 -I/Users/kazuki/.rvm/rubies/ruby-1.9.3-p125/include/ruby-1.9.1/ruby/backward -I/Users/kazuki/.rvm/rubies/ruby-1.9.3-p125/include/ruby-1.9.1 -I. -I/Users/kazuki/.rvm/usr/include -D_XOPEN_SOURCE -D_DARWIN_C_SOURCE   -D_GNU_SOURCE -DPOSIX_C_SOURCE=1-D_POSIX_C_SOURCE=200112L  -O3 -ggdb -Wextra -Wno-unused-parameter -Wno-parentheses -Wno-long-long -Wno-missing-field-initializers -Wpointer-arith -Wwrite-strings -Wdeclaration-after-statement -Wshorten-64-to-32 -Wimplicit-function-declaration  -fno-common -pipe conftest.c  -L. -L/Users/kazuki/.rvm/rubies/ruby-1.9.3-p125/lib -L/Users/kazuki/.rvm/usr/lib -L. -L/usr/local/lib     -lruby.1.9.1  -lpthread -ldl -lobjc "
couldn't understand kern.osversion `14.3.0'
conftest.c: In function ‘t’:
conftest.c:5: error: ‘rb_thread_io_blocking_region’ undeclared (first use in this function)
conftest.c:5: error: (Each undeclared identifier is reported only once
conftest.c:5: error: for each function it appears in.)
checked program was:
/* begin */
1: #include "ruby.h"
2: 
3: /*top*/
4: int main() {return 0;}
5: int t() { void ((*volatile p)()); p = (void ((*)()))rb_thread_io_blocking_region; return 0; }
/* end */

"gcc-4.2 -o conftest -I/Users/kazuki/.rvm/rubies/ruby-1.9.3-p125/include/ruby-1.9.1/x86_64-darwin13.1.0 -I/Users/kazuki/.rvm/rubies/ruby-1.9.3-p125/include/ruby-1.9.1/ruby/backward -I/Users/kazuki/.rvm/rubies/ruby-1.9.3-p125/include/ruby-1.9.1 -I. -I/Users/kazuki/.rvm/usr/include -D_XOPEN_SOURCE -D_DARWIN_C_SOURCE   -D_GNU_SOURCE -DPOSIX_C_SOURCE=1-D_POSIX_C_SOURCE=200112L  -O3 -ggdb -Wextra -Wno-unused-parameter -Wno-parentheses -Wno-long-long -Wno-missing-field-initializers -Wpointer-arith -Wwrite-strings -Wdeclaration-after-statement -Wshorten-64-to-32 -Wimplicit-function-declaration  -fno-common -pipe conftest.c  -L. -L/Users/kazuki/.rvm/rubies/ruby-1.9.3-p125/lib -L/Users/kazuki/.rvm/usr/lib -L. -L/usr/local/lib     -lruby.1.9.1  -lpthread -ldl -lobjc "
couldn't understand kern.osversion `14.3.0'
conftest.c: In function ‘t’:
conftest.c:5: warning: implicit declaration of function ‘rb_thread_io_blocking_region’
ld: warning: directory not found for option '-L/Users/kazuki/.rvm/usr/lib'
checked program was:
/* begin */
1: #include "ruby.h"
2: 
3: /*top*/
4: int main() {return 0;}
5: int t() { rb_thread_io_blocking_region(); return 0; }
/* end */

--------------------

have_func: checking for rb_str_set_len()... -------------------- yes

"gcc-4.2 -o conftest -I/Users/kazuki/.rvm/rubies/ruby-1.9.3-p125/include/ruby-1.9.1/x86_64-darwin13.1.0 -I/Users/kazuki/.rvm/rubies/ruby-1.9.3-p125/include/ruby-1.9.1/ruby/backward -I/Users/kazuki/.rvm/rubies/ruby-1.9.3-p125/include/ruby-1.9.1 -I. -I/Users/kazuki/.rvm/usr/include -D_XOPEN_SOURCE -D_DARWIN_C_SOURCE   -D_GNU_SOURCE -DPOSIX_C_SOURCE=1-D_POSIX_C_SOURCE=200112L  -O3 -ggdb -Wextra -Wno-unused-parameter -Wno-parentheses -Wno-long-long -Wno-missing-field-initializers -Wpointer-arith -Wwrite-strings -Wdeclaration-after-statement -Wshorten-64-to-32 -Wimplicit-function-declaration  -fno-common -pipe conftest.c  -L. -L/Users/kazuki/.rvm/rubies/ruby-1.9.3-p125/lib -L/Users/kazuki/.rvm/usr/lib -L. -L/usr/local/lib     -lruby.1.9.1  -lpthread -ldl -lobjc "
couldn't understand kern.osversion `14.3.0'
ld: warning: directory not found for option '-L/Users/kazuki/.rvm/usr/lib'
checked program was:
/* begin */
1: #include "ruby.h"
2: 
3: /*top*/
4: int main() {return 0;}
5: int t() { void ((*volatile p)()); p = (void ((*)()))rb_str_set_len; return 0; }
/* end */

--------------------

have_func: checking for rb_time_interval()... -------------------- yes

"gcc-4.2 -o conftest -I/Users/kazuki/.rvm/rubies/ruby-1.9.3-p125/include/ruby-1.9.1/x86_64-darwin13.1.0 -I/Users/kazuki/.rvm/rubies/ruby-1.9.3-p125/include/ruby-1.9.1/ruby/backward -I/Users/kazuki/.rvm/rubies/ruby-1.9.3-p125/include/ruby-1.9.1 -I. -I/Users/kazuki/.rvm/usr/include -D_XOPEN_SOURCE -D_DARWIN_C_SOURCE   -D_GNU_SOURCE -DPOSIX_C_SOURCE=1-D_POSIX_C_SOURCE=200112L  -O3 -ggdb -Wextra -Wno-unused-parameter -Wno-parentheses -Wno-long-long -Wno-missing-field-initializers -Wpointer-arith -Wwrite-strings -Wdeclaration-after-statement -Wshorten-64-to-32 -Wimplicit-function-declaration  -fno-common -pipe conftest.c  -L. -L/Users/kazuki/.rvm/rubies/ruby-1.9.3-p125/lib -L/Users/kazuki/.rvm/usr/lib -L. -L/usr/local/lib     -lruby.1.9.1  -lpthread -ldl -lobjc "
couldn't understand kern.osversion `14.3.0'
ld: warning: directory not found for option '-L/Users/kazuki/.rvm/usr/lib'
checked program was:
/* begin */
1: #include "ruby.h"
2: 
3: /*top*/
4: int main() {return 0;}
5: int t() { void ((*volatile p)()); p = (void ((*)()))rb_time_interval; return 0; }
/* end */

--------------------

have_func: checking for rb_wait_for_single_fd()... -------------------- yes

"gcc-4.2 -o conftest -I/Users/kazuki/.rvm/rubies/ruby-1.9.3-p125/include/ruby-1.9.1/x86_64-darwin13.1.0 -I/Users/kazuki/.rvm/rubies/ruby-1.9.3-p125/include/ruby-1.9.1/ruby/backward -I/Users/kazuki/.rvm/rubies/ruby-1.9.3-p125/include/ruby-1.9.1 -I. -I/Users/kazuki/.rvm/usr/include -D_XOPEN_SOURCE -D_DARWIN_C_SOURCE   -D_GNU_SOURCE -DPOSIX_C_SOURCE=1-D_POSIX_C_SOURCE=200112L  -O3 -ggdb -Wextra -Wno-unused-parameter -Wno-parentheses -Wno-long-long -Wno-missing-field-initializers -Wpointer-arith -Wwrite-strings -Wdeclaration-after-statement -Wshorten-64-to-32 -Wimplicit-function-declaration  -fno-common -pipe conftest.c  -L. -L/Users/kazuki/.rvm/rubies/ruby-1.9.3-p125/lib -L/Users/kazuki/.rvm/usr/lib -L. -L/usr/local/lib     -lruby.1.9.1  -lpthread -ldl -lobjc "
couldn't understand kern.osversion `14.3.0'
conftest.c: In function ‘t’:
conftest.c:5: error: ‘rb_wait_for_single_fd’ undeclared (first use in this function)
conftest.c:5: error: (Each undeclared identifier is reported only once
conftest.c:5: error: for each function it appears in.)
checked program was:
/* begin */
1: #include "ruby.h"
2: 
3: /*top*/
4: int main() {return 0;}
5: int t() { void ((*volatile p)()); p = (void ((*)()))rb_wait_for_single_fd; return 0; }
/* end */

"gcc-4.2 -o conftest -I/Users/kazuki/.rvm/rubies/ruby-1.9.3-p125/include/ruby-1.9.1/x86_64-darwin13.1.0 -I/Users/kazuki/.rvm/rubies/ruby-1.9.3-p125/include/ruby-1.9.1/ruby/backward -I/Users/kazuki/.rvm/rubies/ruby-1.9.3-p125/include/ruby-1.9.1 -I. -I/Users/kazuki/.rvm/usr/include -D_XOPEN_SOURCE -D_DARWIN_C_SOURCE   -D_GNU_SOURCE -DPOSIX_C_SOURCE=1-D_POSIX_C_SOURCE=200112L  -O3 -ggdb -Wextra -Wno-unused-parameter -Wno-parentheses -Wno-long-long -Wno-missing-field-initializers -Wpointer-arith -Wwrite-strings -Wdeclaration-after-statement -Wshorten-64-to-32 -Wimplicit-function-declaration  -fno-common -pipe conftest.c  -L. -L/Users/kazuki/.rvm/rubies/ruby-1.9.3-p125/lib -L/Users/kazuki/.rvm/usr/lib -L. -L/usr/local/lib     -lruby.1.9.1  -lpthread -ldl -lobjc "
couldn't understand kern.osversion `14.3.0'
conftest.c: In function ‘t’:
conftest.c:5: warning: implicit declaration of function ‘rb_wait_for_single_fd’
ld: warning: directory not found for option '-L/Users/kazuki/.rvm/usr/lib'
checked program was:
/* begin */
1: #include "ruby.h"
2: 
3: /*top*/
4: int main() {return 0;}
5: int t() { rb_wait_for_single_fd(); return 0; }
/* end */

--------------------

have_func: checking for rb_str_subseq()... -------------------- yes

"gcc-4.2 -o conftest -I/Users/kazuki/.rvm/rubies/ruby-1.9.3-p125/include/ruby-1.9.1/x86_64-darwin13.1.0 -I/Users/kazuki/.rvm/rubies/ruby-1.9.3-p125/include/ruby-1.9.1/ruby/backward -I/Users/kazuki/.rvm/rubies/ruby-1.9.3-p125/include/ruby-1.9.1 -I. -I/Users/kazuki/.rvm/usr/include -D_XOPEN_SOURCE -D_DARWIN_C_SOURCE   -D_GNU_SOURCE -DPOSIX_C_SOURCE=1-D_POSIX_C_SOURCE=200112L  -O3 -ggdb -Wextra -Wno-unused-parameter -Wno-parentheses -Wno-long-long -Wno-missing-field-initializers -Wpointer-arith -Wwrite-strings -Wdeclaration-after-statement -Wshorten-64-to-32 -Wimplicit-function-declaration  -fno-common -pipe conftest.c  -L. -L/Users/kazuki/.rvm/rubies/ruby-1.9.3-p125/lib -L/Users/kazuki/.rvm/usr/lib -L. -L/usr/local/lib     -lruby.1.9.1  -lpthread -ldl -lobjc "
couldn't understand kern.osversion `14.3.0'
ld: warning: directory not found for option '-L/Users/kazuki/.rvm/usr/lib'
checked program was:
/* begin */
1: #include "ruby.h"
2: 
3: /*top*/
4: int main() {return 0;}
5: int t() { void ((*volatile p)()); p = (void ((*)()))rb_str_subseq; return 0; }
/* end */

--------------------

have_func: checking for rb_ary_subseq()... -------------------- yes

"gcc-4.2 -o conftest -I/Users/kazuki/.rvm/rubies/ruby-1.9.3-p125/include/ruby-1.9.1/x86_64-darwin13.1.0 -I/Users/kazuki/.rvm/rubies/ruby-1.9.3-p125/include/ruby-1.9.1/ruby/backward -I/Users/kazuki/.rvm/rubies/ruby-1.9.3-p125/include/ruby-1.9.1 -I. -I/Users/kazuki/.rvm/usr/include -D_XOPEN_SOURCE -D_DARWIN_C_SOURCE   -D_GNU_SOURCE -DPOSIX_C_SOURCE=1-D_POSIX_C_SOURCE=200112L  -O3 -ggdb -Wextra -Wno-unused-parameter -Wno-parentheses -Wno-long-long -Wno-missing-field-initializers -Wpointer-arith -Wwrite-strings -Wdeclaration-after-statement -Wshorten-64-to-32 -Wimplicit-function-declaration  -fno-common -pipe conftest.c  -L. -L/Users/kazuki/.rvm/rubies/ruby-1.9.3-p125/lib -L/Users/kazuki/.rvm/usr/lib -L. -L/usr/local/lib     -lruby.1.9.1  -lpthread -ldl -lobjc "
couldn't understand kern.osversion `14.3.0'
ld: warning: directory not found for option '-L/Users/kazuki/.rvm/usr/lib'
checked program was:
/* begin */
1: #include "ruby.h"
2: 
3: /*top*/
4: int main() {return 0;}
5: int t() { void ((*volatile p)()); p = (void ((*)()))rb_ary_subseq; return 0; }
/* end */

--------------------

