"gcc-4.2 -o conftest -I/Users/kazuki/.rvm/rubies/ruby-1.9.3-p125/include/ruby-1.9.1/x86_64-darwin13.1.0 -I/Users/kazuki/.rvm/rubies/ruby-1.9.3-p125/include/ruby-1.9.1/ruby/backward -I/Users/kazuki/.rvm/rubies/ruby-1.9.3-p125/include/ruby-1.9.1 -I. -I/Users/kazuki/.rvm/usr/include -D_XOPEN_SOURCE -D_DARWIN_C_SOURCE    -O3 -ggdb -Wextra -Wno-unused-parameter -Wno-parentheses -Wno-long-long -Wno-missing-field-initializers -Wpointer-arith -Wwrite-strings -Wdeclaration-after-statement -Wshorten-64-to-32 -Wimplicit-function-declaration  -fno-common -pipe  conftest.c  -L. -L/Users/kazuki/.rvm/rubies/ruby-1.9.3-p125/lib -L/Users/kazuki/.rvm/usr/lib -L. -L/usr/local/lib     -lruby.1.9.1  -lpthread -ldl -lobjc  "
couldn't understand kern.osversion `14.3.0'
ld: warning: directory not found for option '-L/Users/kazuki/.rvm/usr/lib'
checked program was:
/* begin */
1: #include "ruby.h"
2: 
3: int main() {return 0;}
/* end */

"gcc-4.2 -I/Users/kazuki/.rvm/rubies/ruby-1.9.3-p125/include/ruby-1.9.1/x86_64-darwin13.1.0 -I/Users/kazuki/.rvm/rubies/ruby-1.9.3-p125/include/ruby-1.9.1/ruby/backward -I/Users/kazuki/.rvm/rubies/ruby-1.9.3-p125/include/ruby-1.9.1 -I. -I/Users/kazuki/.rvm/usr/include -D_XOPEN_SOURCE -D_DARWIN_C_SOURCE    -O3 -ggdb -Wextra -Wno-unused-parameter -Wno-parentheses -Wno-long-long -Wno-missing-field-initializers -Wpointer-arith -Wwrite-strings -Wdeclaration-after-statement -Wshorten-64-to-32 -Wimplicit-function-declaration  -fno-common -pipe    -Werror -c conftest.c"
couldn't understand kern.osversion `14.3.0'
checked program was:
/* begin */
1: #include "ruby.h"
2: 
3: int main() {return 0;}
/* end */

"gcc-4.2 -I/Users/kazuki/.rvm/rubies/ruby-1.9.3-p125/include/ruby-1.9.1/x86_64-darwin13.1.0 -I/Users/kazuki/.rvm/rubies/ruby-1.9.3-p125/include/ruby-1.9.1/ruby/backward -I/Users/kazuki/.rvm/rubies/ruby-1.9.3-p125/include/ruby-1.9.1 -I. -I/Users/kazuki/.rvm/usr/include -D_XOPEN_SOURCE -D_DARWIN_C_SOURCE    -O3 -ggdb -Wextra -Wno-unused-parameter -Wno-parentheses -Wno-long-long -Wno-missing-field-initializers -Wpointer-arith -Wwrite-strings -Wdeclaration-after-statement -Wshorten-64-to-32 -Wimplicit-function-declaration  -fno-common -pipe  -Wno-error=unused-command-line-argument-hard-error-in-future   -Werror -c conftest.c"
couldn't understand kern.osversion `14.3.0'
cc1: error: -Werror=unused-command-line-argument-hard-error-in-future: No option -Wunused-command-line-argument-hard-error-in-future
checked program was:
/* begin */
1: #include "ruby.h"
2: 
3: int main() {return 0;}
/* end */

package configuration for libxml-2.0
cflags: -I/usr/include/libxml2 
ldflags: 
libs: -lxml2 

package configuration for libxslt
cflags: -I/usr/include/libxml2 
ldflags: 
libs: -lxslt -lxml2 -lz -lpthread -licucore -lm -lxml2 

package configuration for libexslt
cflags: -I/usr/include/libxml2 
ldflags: 
libs: -lexslt -lxslt -lxml2 -lz -lpthread -licucore -lm -lxml2 

"gcc-4.2 -E -I/Users/kazuki/.rvm/rubies/ruby-1.9.3-p125/include/ruby-1.9.1/x86_64-darwin13.1.0 -I/Users/kazuki/.rvm/rubies/ruby-1.9.3-p125/include/ruby-1.9.1/ruby/backward -I/Users/kazuki/.rvm/rubies/ruby-1.9.3-p125/include/ruby-1.9.1 -I. -I/Users/kazuki/.rvm/usr/include -D_XOPEN_SOURCE -D_DARWIN_C_SOURCE    -O3 -ggdb -Wextra -Wno-unused-parameter -Wno-parentheses -Wno-long-long -Wno-missing-field-initializers -Wpointer-arith -Wwrite-strings -Wdeclaration-after-statement -Wshorten-64-to-32 -Wimplicit-function-declaration  -fno-common -pipe  -O3 -Wall -Wcast-qual -Wwrite-strings -Wconversion -Wmissing-noreturn -Winline -I/usr/include/libxml2  -I/usr/include/libxml2  -I/usr/include/libxml2   conftest.c -o conftest.i"
couldn't understand kern.osversion `14.3.0'
checked program was:
/* begin */
1: #include "ruby.h"
2: 
3: #include <libxml/xmlversion.h>
4: 
5: #if LIBXML_VERSION < 20621
6: #error libxml2 is way too old
7: #endif
/* end */

"gcc-4.2 -E -I/Users/kazuki/.rvm/rubies/ruby-1.9.3-p125/include/ruby-1.9.1/x86_64-darwin13.1.0 -I/Users/kazuki/.rvm/rubies/ruby-1.9.3-p125/include/ruby-1.9.1/ruby/backward -I/Users/kazuki/.rvm/rubies/ruby-1.9.3-p125/include/ruby-1.9.1 -I. -I/Users/kazuki/.rvm/usr/include -D_XOPEN_SOURCE -D_DARWIN_C_SOURCE    -O3 -ggdb -Wextra -Wno-unused-parameter -Wno-parentheses -Wno-long-long -Wno-missing-field-initializers -Wpointer-arith -Wwrite-strings -Wdeclaration-after-statement -Wshorten-64-to-32 -Wimplicit-function-declaration  -fno-common -pipe  -O3 -Wall -Wcast-qual -Wwrite-strings -Wconversion -Wmissing-noreturn -Winline -I/usr/include/libxml2  -I/usr/include/libxml2  -I/usr/include/libxml2   conftest.c -o conftest.i"
couldn't understand kern.osversion `14.3.0'
conftest.c:6:2: error: #error libxml2 is too old
checked program was:
/* begin */
1: #include "ruby.h"
2: 
3: #include <libxml/xmlversion.h>
4: 
5: #if LIBXML_VERSION < 20902
6: #error libxml2 is too old
7: #endif
/* end */

have_func: checking for xmlParseDoc() in libxml/parser.h... -------------------- yes

"gcc-4.2 -o conftest -I/Users/kazuki/.rvm/rubies/ruby-1.9.3-p125/include/ruby-1.9.1/x86_64-darwin13.1.0 -I/Users/kazuki/.rvm/rubies/ruby-1.9.3-p125/include/ruby-1.9.1/ruby/backward -I/Users/kazuki/.rvm/rubies/ruby-1.9.3-p125/include/ruby-1.9.1 -I. -I/Users/kazuki/.rvm/usr/include -D_XOPEN_SOURCE -D_DARWIN_C_SOURCE    -O3 -ggdb -Wextra -Wno-unused-parameter -Wno-parentheses -Wno-long-long -Wno-missing-field-initializers -Wpointer-arith -Wwrite-strings -Wdeclaration-after-statement -Wshorten-64-to-32 -Wimplicit-function-declaration  -fno-common -pipe  -O3 -Wall -Wcast-qual -Wwrite-strings -Wconversion -Wmissing-noreturn -Winline -I/usr/include/libxml2  -I/usr/include/libxml2  -I/usr/include/libxml2  conftest.c  -L. -L/Users/kazuki/.rvm/rubies/ruby-1.9.3-p125/lib -L/Users/kazuki/.rvm/usr/lib -L. -L/usr/local/lib        -lxml2  -lxslt -lxml2 -lz -lpthread -licucore -lm -lxml2  -lexslt -lxslt -lxml2 -lz -lpthread -licucore -lm -lxml2  -lruby.1.9.1  -lxml2  -lxslt -lxml2 -lz -lpthread -licucore -lm -lxml2  -lexslt -lxslt -lxml2 -lz -lpthread -licucore -lm -lxml2  -lpthread -ldl -lobjc  "
couldn't understand kern.osversion `14.3.0'
ld: warning: directory not found for option '-L/Users/kazuki/.rvm/usr/lib'
checked program was:
/* begin */
1: #include "ruby.h"
2: 
3: #include <libxml/parser.h>
4: 
5: /*top*/
6: int main() {return 0;}
7: int t() { void ((*volatile p)()); p = (void ((*)()))xmlParseDoc; return 0; }
/* end */

--------------------

have_func: checking for xsltParseStylesheetDoc() in libxslt/xslt.h... -------------------- yes

"gcc-4.2 -o conftest -I/Users/kazuki/.rvm/rubies/ruby-1.9.3-p125/include/ruby-1.9.1/x86_64-darwin13.1.0 -I/Users/kazuki/.rvm/rubies/ruby-1.9.3-p125/include/ruby-1.9.1/ruby/backward -I/Users/kazuki/.rvm/rubies/ruby-1.9.3-p125/include/ruby-1.9.1 -I. -I/Users/kazuki/.rvm/usr/include -D_XOPEN_SOURCE -D_DARWIN_C_SOURCE    -O3 -ggdb -Wextra -Wno-unused-parameter -Wno-parentheses -Wno-long-long -Wno-missing-field-initializers -Wpointer-arith -Wwrite-strings -Wdeclaration-after-statement -Wshorten-64-to-32 -Wimplicit-function-declaration  -fno-common -pipe  -O3 -Wall -Wcast-qual -Wwrite-strings -Wconversion -Wmissing-noreturn -Winline -I/usr/include/libxml2  -I/usr/include/libxml2  -I/usr/include/libxml2  conftest.c  -L. -L/Users/kazuki/.rvm/rubies/ruby-1.9.3-p125/lib -L/Users/kazuki/.rvm/usr/lib -L. -L/usr/local/lib        -lxml2  -lxslt -lxml2 -lz -lpthread -licucore -lm -lxml2  -lexslt -lxslt -lxml2 -lz -lpthread -licucore -lm -lxml2  -lruby.1.9.1  -lxml2  -lxslt -lxml2 -lz -lpthread -licucore -lm -lxml2  -lexslt -lxslt -lxml2 -lz -lpthread -licucore -lm -lxml2  -lpthread -ldl -lobjc  "
couldn't understand kern.osversion `14.3.0'
conftest.c: In function ‘t’:
conftest.c:7: error: ‘xsltParseStylesheetDoc’ undeclared (first use in this function)
conftest.c:7: error: (Each undeclared identifier is reported only once
conftest.c:7: error: for each function it appears in.)
checked program was:
/* begin */
1: #include "ruby.h"
2: 
3: #include <libxslt/xslt.h>
4: 
5: /*top*/
6: int main() {return 0;}
7: int t() { void ((*volatile p)()); p = (void ((*)()))xsltParseStylesheetDoc; return 0; }
/* end */

"gcc-4.2 -o conftest -I/Users/kazuki/.rvm/rubies/ruby-1.9.3-p125/include/ruby-1.9.1/x86_64-darwin13.1.0 -I/Users/kazuki/.rvm/rubies/ruby-1.9.3-p125/include/ruby-1.9.1/ruby/backward -I/Users/kazuki/.rvm/rubies/ruby-1.9.3-p125/include/ruby-1.9.1 -I. -I/Users/kazuki/.rvm/usr/include -D_XOPEN_SOURCE -D_DARWIN_C_SOURCE    -O3 -ggdb -Wextra -Wno-unused-parameter -Wno-parentheses -Wno-long-long -Wno-missing-field-initializers -Wpointer-arith -Wwrite-strings -Wdeclaration-after-statement -Wshorten-64-to-32 -Wimplicit-function-declaration  -fno-common -pipe  -O3 -Wall -Wcast-qual -Wwrite-strings -Wconversion -Wmissing-noreturn -Winline -I/usr/include/libxml2  -I/usr/include/libxml2  -I/usr/include/libxml2  conftest.c  -L. -L/Users/kazuki/.rvm/rubies/ruby-1.9.3-p125/lib -L/Users/kazuki/.rvm/usr/lib -L. -L/usr/local/lib        -lxml2  -lxslt -lxml2 -lz -lpthread -licucore -lm -lxml2  -lexslt -lxslt -lxml2 -lz -lpthread -licucore -lm -lxml2  -lruby.1.9.1  -lxml2  -lxslt -lxml2 -lz -lpthread -licucore -lm -lxml2  -lexslt -lxslt -lxml2 -lz -lpthread -licucore -lm -lxml2  -lpthread -ldl -lobjc  "
couldn't understand kern.osversion `14.3.0'
conftest.c: In function ‘t’:
conftest.c:7: warning: implicit declaration of function ‘xsltParseStylesheetDoc’
ld: warning: directory not found for option '-L/Users/kazuki/.rvm/usr/lib'
checked program was:
/* begin */
1: #include "ruby.h"
2: 
3: #include <libxslt/xslt.h>
4: 
5: /*top*/
6: int main() {return 0;}
7: int t() { xsltParseStylesheetDoc(); return 0; }
/* end */

--------------------

have_func: checking for exsltFuncRegister() in libexslt/exslt.h... -------------------- yes

"gcc-4.2 -o conftest -I/Users/kazuki/.rvm/rubies/ruby-1.9.3-p125/include/ruby-1.9.1/x86_64-darwin13.1.0 -I/Users/kazuki/.rvm/rubies/ruby-1.9.3-p125/include/ruby-1.9.1/ruby/backward -I/Users/kazuki/.rvm/rubies/ruby-1.9.3-p125/include/ruby-1.9.1 -I. -I/Users/kazuki/.rvm/usr/include -D_XOPEN_SOURCE -D_DARWIN_C_SOURCE    -O3 -ggdb -Wextra -Wno-unused-parameter -Wno-parentheses -Wno-long-long -Wno-missing-field-initializers -Wpointer-arith -Wwrite-strings -Wdeclaration-after-statement -Wshorten-64-to-32 -Wimplicit-function-declaration  -fno-common -pipe  -O3 -Wall -Wcast-qual -Wwrite-strings -Wconversion -Wmissing-noreturn -Winline -I/usr/include/libxml2  -I/usr/include/libxml2  -I/usr/include/libxml2  conftest.c  -L. -L/Users/kazuki/.rvm/rubies/ruby-1.9.3-p125/lib -L/Users/kazuki/.rvm/usr/lib -L. -L/usr/local/lib        -lxml2  -lxslt -lxml2 -lz -lpthread -licucore -lm -lxml2  -lexslt -lxslt -lxml2 -lz -lpthread -licucore -lm -lxml2  -lruby.1.9.1  -lxml2  -lxslt -lxml2 -lz -lpthread -licucore -lm -lxml2  -lexslt -lxslt -lxml2 -lz -lpthread -licucore -lm -lxml2  -lpthread -ldl -lobjc  "
couldn't understand kern.osversion `14.3.0'
ld: warning: directory not found for option '-L/Users/kazuki/.rvm/usr/lib'
checked program was:
/* begin */
1: #include "ruby.h"
2: 
3: #include <libexslt/exslt.h>
4: 
5: /*top*/
6: int main() {return 0;}
7: int t() { void ((*volatile p)()); p = (void ((*)()))exsltFuncRegister; return 0; }
/* end */

--------------------

have_func: checking for xmlHasFeature()... -------------------- yes

"gcc-4.2 -o conftest -I/Users/kazuki/.rvm/rubies/ruby-1.9.3-p125/include/ruby-1.9.1/x86_64-darwin13.1.0 -I/Users/kazuki/.rvm/rubies/ruby-1.9.3-p125/include/ruby-1.9.1/ruby/backward -I/Users/kazuki/.rvm/rubies/ruby-1.9.3-p125/include/ruby-1.9.1 -I. -I/Users/kazuki/.rvm/usr/include -D_XOPEN_SOURCE -D_DARWIN_C_SOURCE    -O3 -ggdb -Wextra -Wno-unused-parameter -Wno-parentheses -Wno-long-long -Wno-missing-field-initializers -Wpointer-arith -Wwrite-strings -Wdeclaration-after-statement -Wshorten-64-to-32 -Wimplicit-function-declaration  -fno-common -pipe  -O3 -Wall -Wcast-qual -Wwrite-strings -Wconversion -Wmissing-noreturn -Winline -I/usr/include/libxml2  -I/usr/include/libxml2  -I/usr/include/libxml2  conftest.c  -L. -L/Users/kazuki/.rvm/rubies/ruby-1.9.3-p125/lib -L/Users/kazuki/.rvm/usr/lib -L. -L/usr/local/lib        -lxml2  -lxslt -lxml2 -lz -lpthread -licucore -lm -lxml2  -lexslt -lxslt -lxml2 -lz -lpthread -licucore -lm -lxml2  -lruby.1.9.1  -lxml2  -lxslt -lxml2 -lz -lpthread -licucore -lm -lxml2  -lexslt -lxslt -lxml2 -lz -lpthread -licucore -lm -lxml2  -lpthread -ldl -lobjc  "
couldn't understand kern.osversion `14.3.0'
conftest.c: In function ‘t’:
conftest.c:5: error: ‘xmlHasFeature’ undeclared (first use in this function)
conftest.c:5: error: (Each undeclared identifier is reported only once
conftest.c:5: error: for each function it appears in.)
checked program was:
/* begin */
1: #include "ruby.h"
2: 
3: /*top*/
4: int main() {return 0;}
5: int t() { void ((*volatile p)()); p = (void ((*)()))xmlHasFeature; return 0; }
/* end */

"gcc-4.2 -o conftest -I/Users/kazuki/.rvm/rubies/ruby-1.9.3-p125/include/ruby-1.9.1/x86_64-darwin13.1.0 -I/Users/kazuki/.rvm/rubies/ruby-1.9.3-p125/include/ruby-1.9.1/ruby/backward -I/Users/kazuki/.rvm/rubies/ruby-1.9.3-p125/include/ruby-1.9.1 -I. -I/Users/kazuki/.rvm/usr/include -D_XOPEN_SOURCE -D_DARWIN_C_SOURCE    -O3 -ggdb -Wextra -Wno-unused-parameter -Wno-parentheses -Wno-long-long -Wno-missing-field-initializers -Wpointer-arith -Wwrite-strings -Wdeclaration-after-statement -Wshorten-64-to-32 -Wimplicit-function-declaration  -fno-common -pipe  -O3 -Wall -Wcast-qual -Wwrite-strings -Wconversion -Wmissing-noreturn -Winline -I/usr/include/libxml2  -I/usr/include/libxml2  -I/usr/include/libxml2  conftest.c  -L. -L/Users/kazuki/.rvm/rubies/ruby-1.9.3-p125/lib -L/Users/kazuki/.rvm/usr/lib -L. -L/usr/local/lib        -lxml2  -lxslt -lxml2 -lz -lpthread -licucore -lm -lxml2  -lexslt -lxslt -lxml2 -lz -lpthread -licucore -lm -lxml2  -lruby.1.9.1  -lxml2  -lxslt -lxml2 -lz -lpthread -licucore -lm -lxml2  -lexslt -lxslt -lxml2 -lz -lpthread -licucore -lm -lxml2  -lpthread -ldl -lobjc  "
couldn't understand kern.osversion `14.3.0'
conftest.c: In function ‘t’:
conftest.c:5: warning: implicit declaration of function ‘xmlHasFeature’
ld: warning: directory not found for option '-L/Users/kazuki/.rvm/usr/lib'
checked program was:
/* begin */
1: #include "ruby.h"
2: 
3: /*top*/
4: int main() {return 0;}
5: int t() { xmlHasFeature(); return 0; }
/* end */

--------------------

have_func: checking for xmlFirstElementChild()... -------------------- yes

"gcc-4.2 -o conftest -I/Users/kazuki/.rvm/rubies/ruby-1.9.3-p125/include/ruby-1.9.1/x86_64-darwin13.1.0 -I/Users/kazuki/.rvm/rubies/ruby-1.9.3-p125/include/ruby-1.9.1/ruby/backward -I/Users/kazuki/.rvm/rubies/ruby-1.9.3-p125/include/ruby-1.9.1 -I. -I/Users/kazuki/.rvm/usr/include -D_XOPEN_SOURCE -D_DARWIN_C_SOURCE    -O3 -ggdb -Wextra -Wno-unused-parameter -Wno-parentheses -Wno-long-long -Wno-missing-field-initializers -Wpointer-arith -Wwrite-strings -Wdeclaration-after-statement -Wshorten-64-to-32 -Wimplicit-function-declaration  -fno-common -pipe  -O3 -Wall -Wcast-qual -Wwrite-strings -Wconversion -Wmissing-noreturn -Winline -I/usr/include/libxml2  -I/usr/include/libxml2  -I/usr/include/libxml2  conftest.c  -L. -L/Users/kazuki/.rvm/rubies/ruby-1.9.3-p125/lib -L/Users/kazuki/.rvm/usr/lib -L. -L/usr/local/lib        -lxml2  -lxslt -lxml2 -lz -lpthread -licucore -lm -lxml2  -lexslt -lxslt -lxml2 -lz -lpthread -licucore -lm -lxml2  -lruby.1.9.1  -lxml2  -lxslt -lxml2 -lz -lpthread -licucore -lm -lxml2  -lexslt -lxslt -lxml2 -lz -lpthread -licucore -lm -lxml2  -lpthread -ldl -lobjc  "
couldn't understand kern.osversion `14.3.0'
conftest.c: In function ‘t’:
conftest.c:5: error: ‘xmlFirstElementChild’ undeclared (first use in this function)
conftest.c:5: error: (Each undeclared identifier is reported only once
conftest.c:5: error: for each function it appears in.)
checked program was:
/* begin */
1: #include "ruby.h"
2: 
3: /*top*/
4: int main() {return 0;}
5: int t() { void ((*volatile p)()); p = (void ((*)()))xmlFirstElementChild; return 0; }
/* end */

"gcc-4.2 -o conftest -I/Users/kazuki/.rvm/rubies/ruby-1.9.3-p125/include/ruby-1.9.1/x86_64-darwin13.1.0 -I/Users/kazuki/.rvm/rubies/ruby-1.9.3-p125/include/ruby-1.9.1/ruby/backward -I/Users/kazuki/.rvm/rubies/ruby-1.9.3-p125/include/ruby-1.9.1 -I. -I/Users/kazuki/.rvm/usr/include -D_XOPEN_SOURCE -D_DARWIN_C_SOURCE    -O3 -ggdb -Wextra -Wno-unused-parameter -Wno-parentheses -Wno-long-long -Wno-missing-field-initializers -Wpointer-arith -Wwrite-strings -Wdeclaration-after-statement -Wshorten-64-to-32 -Wimplicit-function-declaration  -fno-common -pipe  -O3 -Wall -Wcast-qual -Wwrite-strings -Wconversion -Wmissing-noreturn -Winline -I/usr/include/libxml2  -I/usr/include/libxml2  -I/usr/include/libxml2  conftest.c  -L. -L/Users/kazuki/.rvm/rubies/ruby-1.9.3-p125/lib -L/Users/kazuki/.rvm/usr/lib -L. -L/usr/local/lib        -lxml2  -lxslt -lxml2 -lz -lpthread -licucore -lm -lxml2  -lexslt -lxslt -lxml2 -lz -lpthread -licucore -lm -lxml2  -lruby.1.9.1  -lxml2  -lxslt -lxml2 -lz -lpthread -licucore -lm -lxml2  -lexslt -lxslt -lxml2 -lz -lpthread -licucore -lm -lxml2  -lpthread -ldl -lobjc  "
couldn't understand kern.osversion `14.3.0'
conftest.c: In function ‘t’:
conftest.c:5: warning: implicit declaration of function ‘xmlFirstElementChild’
ld: warning: directory not found for option '-L/Users/kazuki/.rvm/usr/lib'
checked program was:
/* begin */
1: #include "ruby.h"
2: 
3: /*top*/
4: int main() {return 0;}
5: int t() { xmlFirstElementChild(); return 0; }
/* end */

--------------------

have_func: checking for xmlRelaxNGSetParserStructuredErrors()... -------------------- yes

"gcc-4.2 -o conftest -I/Users/kazuki/.rvm/rubies/ruby-1.9.3-p125/include/ruby-1.9.1/x86_64-darwin13.1.0 -I/Users/kazuki/.rvm/rubies/ruby-1.9.3-p125/include/ruby-1.9.1/ruby/backward -I/Users/kazuki/.rvm/rubies/ruby-1.9.3-p125/include/ruby-1.9.1 -I. -I/Users/kazuki/.rvm/usr/include -D_XOPEN_SOURCE -D_DARWIN_C_SOURCE    -O3 -ggdb -Wextra -Wno-unused-parameter -Wno-parentheses -Wno-long-long -Wno-missing-field-initializers -Wpointer-arith -Wwrite-strings -Wdeclaration-after-statement -Wshorten-64-to-32 -Wimplicit-function-declaration  -fno-common -pipe  -O3 -Wall -Wcast-qual -Wwrite-strings -Wconversion -Wmissing-noreturn -Winline -I/usr/include/libxml2  -I/usr/include/libxml2  -I/usr/include/libxml2  conftest.c  -L. -L/Users/kazuki/.rvm/rubies/ruby-1.9.3-p125/lib -L/Users/kazuki/.rvm/usr/lib -L. -L/usr/local/lib        -lxml2  -lxslt -lxml2 -lz -lpthread -licucore -lm -lxml2  -lexslt -lxslt -lxml2 -lz -lpthread -licucore -lm -lxml2  -lruby.1.9.1  -lxml2  -lxslt -lxml2 -lz -lpthread -licucore -lm -lxml2  -lexslt -lxslt -lxml2 -lz -lpthread -licucore -lm -lxml2  -lpthread -ldl -lobjc  "
couldn't understand kern.osversion `14.3.0'
conftest.c: In function ‘t’:
conftest.c:5: error: ‘xmlRelaxNGSetParserStructuredErrors’ undeclared (first use in this function)
conftest.c:5: error: (Each undeclared identifier is reported only once
conftest.c:5: error: for each function it appears in.)
checked program was:
/* begin */
1: #include "ruby.h"
2: 
3: /*top*/
4: int main() {return 0;}
5: int t() { void ((*volatile p)()); p = (void ((*)()))xmlRelaxNGSetParserStructuredErrors; return 0; }
/* end */

"gcc-4.2 -o conftest -I/Users/kazuki/.rvm/rubies/ruby-1.9.3-p125/include/ruby-1.9.1/x86_64-darwin13.1.0 -I/Users/kazuki/.rvm/rubies/ruby-1.9.3-p125/include/ruby-1.9.1/ruby/backward -I/Users/kazuki/.rvm/rubies/ruby-1.9.3-p125/include/ruby-1.9.1 -I. -I/Users/kazuki/.rvm/usr/include -D_XOPEN_SOURCE -D_DARWIN_C_SOURCE    -O3 -ggdb -Wextra -Wno-unused-parameter -Wno-parentheses -Wno-long-long -Wno-missing-field-initializers -Wpointer-arith -Wwrite-strings -Wdeclaration-after-statement -Wshorten-64-to-32 -Wimplicit-function-declaration  -fno-common -pipe  -O3 -Wall -Wcast-qual -Wwrite-strings -Wconversion -Wmissing-noreturn -Winline -I/usr/include/libxml2  -I/usr/include/libxml2  -I/usr/include/libxml2  conftest.c  -L. -L/Users/kazuki/.rvm/rubies/ruby-1.9.3-p125/lib -L/Users/kazuki/.rvm/usr/lib -L. -L/usr/local/lib        -lxml2  -lxslt -lxml2 -lz -lpthread -licucore -lm -lxml2  -lexslt -lxslt -lxml2 -lz -lpthread -licucore -lm -lxml2  -lruby.1.9.1  -lxml2  -lxslt -lxml2 -lz -lpthread -licucore -lm -lxml2  -lexslt -lxslt -lxml2 -lz -lpthread -licucore -lm -lxml2  -lpthread -ldl -lobjc  "
couldn't understand kern.osversion `14.3.0'
conftest.c: In function ‘t’:
conftest.c:5: warning: implicit declaration of function ‘xmlRelaxNGSetParserStructuredErrors’
ld: warning: directory not found for option '-L/Users/kazuki/.rvm/usr/lib'
checked program was:
/* begin */
1: #include "ruby.h"
2: 
3: /*top*/
4: int main() {return 0;}
5: int t() { xmlRelaxNGSetParserStructuredErrors(); return 0; }
/* end */

--------------------

have_func: checking for xmlRelaxNGSetParserStructuredErrors()... -------------------- yes

"gcc-4.2 -o conftest -I/Users/kazuki/.rvm/rubies/ruby-1.9.3-p125/include/ruby-1.9.1/x86_64-darwin13.1.0 -I/Users/kazuki/.rvm/rubies/ruby-1.9.3-p125/include/ruby-1.9.1/ruby/backward -I/Users/kazuki/.rvm/rubies/ruby-1.9.3-p125/include/ruby-1.9.1 -I. -I/Users/kazuki/.rvm/usr/include -D_XOPEN_SOURCE -D_DARWIN_C_SOURCE    -O3 -ggdb -Wextra -Wno-unused-parameter -Wno-parentheses -Wno-long-long -Wno-missing-field-initializers -Wpointer-arith -Wwrite-strings -Wdeclaration-after-statement -Wshorten-64-to-32 -Wimplicit-function-declaration  -fno-common -pipe  -O3 -Wall -Wcast-qual -Wwrite-strings -Wconversion -Wmissing-noreturn -Winline -I/usr/include/libxml2  -I/usr/include/libxml2  -I/usr/include/libxml2  conftest.c  -L. -L/Users/kazuki/.rvm/rubies/ruby-1.9.3-p125/lib -L/Users/kazuki/.rvm/usr/lib -L. -L/usr/local/lib        -lxml2  -lxslt -lxml2 -lz -lpthread -licucore -lm -lxml2  -lexslt -lxslt -lxml2 -lz -lpthread -licucore -lm -lxml2  -lruby.1.9.1  -lxml2  -lxslt -lxml2 -lz -lpthread -licucore -lm -lxml2  -lexslt -lxslt -lxml2 -lz -lpthread -licucore -lm -lxml2  -lpthread -ldl -lobjc  "
couldn't understand kern.osversion `14.3.0'
conftest.c: In function ‘t’:
conftest.c:5: error: ‘xmlRelaxNGSetParserStructuredErrors’ undeclared (first use in this function)
conftest.c:5: error: (Each undeclared identifier is reported only once
conftest.c:5: error: for each function it appears in.)
checked program was:
/* begin */
1: #include "ruby.h"
2: 
3: /*top*/
4: int main() {return 0;}
5: int t() { void ((*volatile p)()); p = (void ((*)()))xmlRelaxNGSetParserStructuredErrors; return 0; }
/* end */

"gcc-4.2 -o conftest -I/Users/kazuki/.rvm/rubies/ruby-1.9.3-p125/include/ruby-1.9.1/x86_64-darwin13.1.0 -I/Users/kazuki/.rvm/rubies/ruby-1.9.3-p125/include/ruby-1.9.1/ruby/backward -I/Users/kazuki/.rvm/rubies/ruby-1.9.3-p125/include/ruby-1.9.1 -I. -I/Users/kazuki/.rvm/usr/include -D_XOPEN_SOURCE -D_DARWIN_C_SOURCE    -O3 -ggdb -Wextra -Wno-unused-parameter -Wno-parentheses -Wno-long-long -Wno-missing-field-initializers -Wpointer-arith -Wwrite-strings -Wdeclaration-after-statement -Wshorten-64-to-32 -Wimplicit-function-declaration  -fno-common -pipe  -O3 -Wall -Wcast-qual -Wwrite-strings -Wconversion -Wmissing-noreturn -Winline -I/usr/include/libxml2  -I/usr/include/libxml2  -I/usr/include/libxml2  conftest.c  -L. -L/Users/kazuki/.rvm/rubies/ruby-1.9.3-p125/lib -L/Users/kazuki/.rvm/usr/lib -L. -L/usr/local/lib        -lxml2  -lxslt -lxml2 -lz -lpthread -licucore -lm -lxml2  -lexslt -lxslt -lxml2 -lz -lpthread -licucore -lm -lxml2  -lruby.1.9.1  -lxml2  -lxslt -lxml2 -lz -lpthread -licucore -lm -lxml2  -lexslt -lxslt -lxml2 -lz -lpthread -licucore -lm -lxml2  -lpthread -ldl -lobjc  "
couldn't understand kern.osversion `14.3.0'
conftest.c: In function ‘t’:
conftest.c:5: warning: implicit declaration of function ‘xmlRelaxNGSetParserStructuredErrors’
ld: warning: directory not found for option '-L/Users/kazuki/.rvm/usr/lib'
checked program was:
/* begin */
1: #include "ruby.h"
2: 
3: /*top*/
4: int main() {return 0;}
5: int t() { xmlRelaxNGSetParserStructuredErrors(); return 0; }
/* end */

--------------------

have_func: checking for xmlRelaxNGSetValidStructuredErrors()... -------------------- yes

"gcc-4.2 -o conftest -I/Users/kazuki/.rvm/rubies/ruby-1.9.3-p125/include/ruby-1.9.1/x86_64-darwin13.1.0 -I/Users/kazuki/.rvm/rubies/ruby-1.9.3-p125/include/ruby-1.9.1/ruby/backward -I/Users/kazuki/.rvm/rubies/ruby-1.9.3-p125/include/ruby-1.9.1 -I. -I/Users/kazuki/.rvm/usr/include -D_XOPEN_SOURCE -D_DARWIN_C_SOURCE    -O3 -ggdb -Wextra -Wno-unused-parameter -Wno-parentheses -Wno-long-long -Wno-missing-field-initializers -Wpointer-arith -Wwrite-strings -Wdeclaration-after-statement -Wshorten-64-to-32 -Wimplicit-function-declaration  -fno-common -pipe  -O3 -Wall -Wcast-qual -Wwrite-strings -Wconversion -Wmissing-noreturn -Winline -I/usr/include/libxml2  -I/usr/include/libxml2  -I/usr/include/libxml2  conftest.c  -L. -L/Users/kazuki/.rvm/rubies/ruby-1.9.3-p125/lib -L/Users/kazuki/.rvm/usr/lib -L. -L/usr/local/lib        -lxml2  -lxslt -lxml2 -lz -lpthread -licucore -lm -lxml2  -lexslt -lxslt -lxml2 -lz -lpthread -licucore -lm -lxml2  -lruby.1.9.1  -lxml2  -lxslt -lxml2 -lz -lpthread -licucore -lm -lxml2  -lexslt -lxslt -lxml2 -lz -lpthread -licucore -lm -lxml2  -lpthread -ldl -lobjc  "
couldn't understand kern.osversion `14.3.0'
conftest.c: In function ‘t’:
conftest.c:5: error: ‘xmlRelaxNGSetValidStructuredErrors’ undeclared (first use in this function)
conftest.c:5: error: (Each undeclared identifier is reported only once
conftest.c:5: error: for each function it appears in.)
checked program was:
/* begin */
1: #include "ruby.h"
2: 
3: /*top*/
4: int main() {return 0;}
5: int t() { void ((*volatile p)()); p = (void ((*)()))xmlRelaxNGSetValidStructuredErrors; return 0; }
/* end */

"gcc-4.2 -o conftest -I/Users/kazuki/.rvm/rubies/ruby-1.9.3-p125/include/ruby-1.9.1/x86_64-darwin13.1.0 -I/Users/kazuki/.rvm/rubies/ruby-1.9.3-p125/include/ruby-1.9.1/ruby/backward -I/Users/kazuki/.rvm/rubies/ruby-1.9.3-p125/include/ruby-1.9.1 -I. -I/Users/kazuki/.rvm/usr/include -D_XOPEN_SOURCE -D_DARWIN_C_SOURCE    -O3 -ggdb -Wextra -Wno-unused-parameter -Wno-parentheses -Wno-long-long -Wno-missing-field-initializers -Wpointer-arith -Wwrite-strings -Wdeclaration-after-statement -Wshorten-64-to-32 -Wimplicit-function-declaration  -fno-common -pipe  -O3 -Wall -Wcast-qual -Wwrite-strings -Wconversion -Wmissing-noreturn -Winline -I/usr/include/libxml2  -I/usr/include/libxml2  -I/usr/include/libxml2  conftest.c  -L. -L/Users/kazuki/.rvm/rubies/ruby-1.9.3-p125/lib -L/Users/kazuki/.rvm/usr/lib -L. -L/usr/local/lib        -lxml2  -lxslt -lxml2 -lz -lpthread -licucore -lm -lxml2  -lexslt -lxslt -lxml2 -lz -lpthread -licucore -lm -lxml2  -lruby.1.9.1  -lxml2  -lxslt -lxml2 -lz -lpthread -licucore -lm -lxml2  -lexslt -lxslt -lxml2 -lz -lpthread -licucore -lm -lxml2  -lpthread -ldl -lobjc  "
couldn't understand kern.osversion `14.3.0'
conftest.c: In function ‘t’:
conftest.c:5: warning: implicit declaration of function ‘xmlRelaxNGSetValidStructuredErrors’
ld: warning: directory not found for option '-L/Users/kazuki/.rvm/usr/lib'
checked program was:
/* begin */
1: #include "ruby.h"
2: 
3: /*top*/
4: int main() {return 0;}
5: int t() { xmlRelaxNGSetValidStructuredErrors(); return 0; }
/* end */

--------------------

have_func: checking for xmlSchemaSetValidStructuredErrors()... -------------------- yes

"gcc-4.2 -o conftest -I/Users/kazuki/.rvm/rubies/ruby-1.9.3-p125/include/ruby-1.9.1/x86_64-darwin13.1.0 -I/Users/kazuki/.rvm/rubies/ruby-1.9.3-p125/include/ruby-1.9.1/ruby/backward -I/Users/kazuki/.rvm/rubies/ruby-1.9.3-p125/include/ruby-1.9.1 -I. -I/Users/kazuki/.rvm/usr/include -D_XOPEN_SOURCE -D_DARWIN_C_SOURCE    -O3 -ggdb -Wextra -Wno-unused-parameter -Wno-parentheses -Wno-long-long -Wno-missing-field-initializers -Wpointer-arith -Wwrite-strings -Wdeclaration-after-statement -Wshorten-64-to-32 -Wimplicit-function-declaration  -fno-common -pipe  -O3 -Wall -Wcast-qual -Wwrite-strings -Wconversion -Wmissing-noreturn -Winline -I/usr/include/libxml2  -I/usr/include/libxml2  -I/usr/include/libxml2  conftest.c  -L. -L/Users/kazuki/.rvm/rubies/ruby-1.9.3-p125/lib -L/Users/kazuki/.rvm/usr/lib -L. -L/usr/local/lib        -lxml2  -lxslt -lxml2 -lz -lpthread -licucore -lm -lxml2  -lexslt -lxslt -lxml2 -lz -lpthread -licucore -lm -lxml2  -lruby.1.9.1  -lxml2  -lxslt -lxml2 -lz -lpthread -licucore -lm -lxml2  -lexslt -lxslt -lxml2 -lz -lpthread -licucore -lm -lxml2  -lpthread -ldl -lobjc  "
couldn't understand kern.osversion `14.3.0'
conftest.c: In function ‘t’:
conftest.c:5: error: ‘xmlSchemaSetValidStructuredErrors’ undeclared (first use in this function)
conftest.c:5: error: (Each undeclared identifier is reported only once
conftest.c:5: error: for each function it appears in.)
checked program was:
/* begin */
1: #include "ruby.h"
2: 
3: /*top*/
4: int main() {return 0;}
5: int t() { void ((*volatile p)()); p = (void ((*)()))xmlSchemaSetValidStructuredErrors; return 0; }
/* end */

"gcc-4.2 -o conftest -I/Users/kazuki/.rvm/rubies/ruby-1.9.3-p125/include/ruby-1.9.1/x86_64-darwin13.1.0 -I/Users/kazuki/.rvm/rubies/ruby-1.9.3-p125/include/ruby-1.9.1/ruby/backward -I/Users/kazuki/.rvm/rubies/ruby-1.9.3-p125/include/ruby-1.9.1 -I. -I/Users/kazuki/.rvm/usr/include -D_XOPEN_SOURCE -D_DARWIN_C_SOURCE    -O3 -ggdb -Wextra -Wno-unused-parameter -Wno-parentheses -Wno-long-long -Wno-missing-field-initializers -Wpointer-arith -Wwrite-strings -Wdeclaration-after-statement -Wshorten-64-to-32 -Wimplicit-function-declaration  -fno-common -pipe  -O3 -Wall -Wcast-qual -Wwrite-strings -Wconversion -Wmissing-noreturn -Winline -I/usr/include/libxml2  -I/usr/include/libxml2  -I/usr/include/libxml2  conftest.c  -L. -L/Users/kazuki/.rvm/rubies/ruby-1.9.3-p125/lib -L/Users/kazuki/.rvm/usr/lib -L. -L/usr/local/lib        -lxml2  -lxslt -lxml2 -lz -lpthread -licucore -lm -lxml2  -lexslt -lxslt -lxml2 -lz -lpthread -licucore -lm -lxml2  -lruby.1.9.1  -lxml2  -lxslt -lxml2 -lz -lpthread -licucore -lm -lxml2  -lexslt -lxslt -lxml2 -lz -lpthread -licucore -lm -lxml2  -lpthread -ldl -lobjc  "
couldn't understand kern.osversion `14.3.0'
conftest.c: In function ‘t’:
conftest.c:5: warning: implicit declaration of function ‘xmlSchemaSetValidStructuredErrors’
ld: warning: directory not found for option '-L/Users/kazuki/.rvm/usr/lib'
checked program was:
/* begin */
1: #include "ruby.h"
2: 
3: /*top*/
4: int main() {return 0;}
5: int t() { xmlSchemaSetValidStructuredErrors(); return 0; }
/* end */

--------------------

have_func: checking for xmlSchemaSetParserStructuredErrors()... -------------------- yes

"gcc-4.2 -o conftest -I/Users/kazuki/.rvm/rubies/ruby-1.9.3-p125/include/ruby-1.9.1/x86_64-darwin13.1.0 -I/Users/kazuki/.rvm/rubies/ruby-1.9.3-p125/include/ruby-1.9.1/ruby/backward -I/Users/kazuki/.rvm/rubies/ruby-1.9.3-p125/include/ruby-1.9.1 -I. -I/Users/kazuki/.rvm/usr/include -D_XOPEN_SOURCE -D_DARWIN_C_SOURCE    -O3 -ggdb -Wextra -Wno-unused-parameter -Wno-parentheses -Wno-long-long -Wno-missing-field-initializers -Wpointer-arith -Wwrite-strings -Wdeclaration-after-statement -Wshorten-64-to-32 -Wimplicit-function-declaration  -fno-common -pipe  -O3 -Wall -Wcast-qual -Wwrite-strings -Wconversion -Wmissing-noreturn -Winline -I/usr/include/libxml2  -I/usr/include/libxml2  -I/usr/include/libxml2  conftest.c  -L. -L/Users/kazuki/.rvm/rubies/ruby-1.9.3-p125/lib -L/Users/kazuki/.rvm/usr/lib -L. -L/usr/local/lib        -lxml2  -lxslt -lxml2 -lz -lpthread -licucore -lm -lxml2  -lexslt -lxslt -lxml2 -lz -lpthread -licucore -lm -lxml2  -lruby.1.9.1  -lxml2  -lxslt -lxml2 -lz -lpthread -licucore -lm -lxml2  -lexslt -lxslt -lxml2 -lz -lpthread -licucore -lm -lxml2  -lpthread -ldl -lobjc  "
couldn't understand kern.osversion `14.3.0'
conftest.c: In function ‘t’:
conftest.c:5: error: ‘xmlSchemaSetParserStructuredErrors’ undeclared (first use in this function)
conftest.c:5: error: (Each undeclared identifier is reported only once
conftest.c:5: error: for each function it appears in.)
checked program was:
/* begin */
1: #include "ruby.h"
2: 
3: /*top*/
4: int main() {return 0;}
5: int t() { void ((*volatile p)()); p = (void ((*)()))xmlSchemaSetParserStructuredErrors; return 0; }
/* end */

"gcc-4.2 -o conftest -I/Users/kazuki/.rvm/rubies/ruby-1.9.3-p125/include/ruby-1.9.1/x86_64-darwin13.1.0 -I/Users/kazuki/.rvm/rubies/ruby-1.9.3-p125/include/ruby-1.9.1/ruby/backward -I/Users/kazuki/.rvm/rubies/ruby-1.9.3-p125/include/ruby-1.9.1 -I. -I/Users/kazuki/.rvm/usr/include -D_XOPEN_SOURCE -D_DARWIN_C_SOURCE    -O3 -ggdb -Wextra -Wno-unused-parameter -Wno-parentheses -Wno-long-long -Wno-missing-field-initializers -Wpointer-arith -Wwrite-strings -Wdeclaration-after-statement -Wshorten-64-to-32 -Wimplicit-function-declaration  -fno-common -pipe  -O3 -Wall -Wcast-qual -Wwrite-strings -Wconversion -Wmissing-noreturn -Winline -I/usr/include/libxml2  -I/usr/include/libxml2  -I/usr/include/libxml2  conftest.c  -L. -L/Users/kazuki/.rvm/rubies/ruby-1.9.3-p125/lib -L/Users/kazuki/.rvm/usr/lib -L. -L/usr/local/lib        -lxml2  -lxslt -lxml2 -lz -lpthread -licucore -lm -lxml2  -lexslt -lxslt -lxml2 -lz -lpthread -licucore -lm -lxml2  -lruby.1.9.1  -lxml2  -lxslt -lxml2 -lz -lpthread -licucore -lm -lxml2  -lexslt -lxslt -lxml2 -lz -lpthread -licucore -lm -lxml2  -lpthread -ldl -lobjc  "
couldn't understand kern.osversion `14.3.0'
conftest.c: In function ‘t’:
conftest.c:5: warning: implicit declaration of function ‘xmlSchemaSetParserStructuredErrors’
ld: warning: directory not found for option '-L/Users/kazuki/.rvm/usr/lib'
checked program was:
/* begin */
1: #include "ruby.h"
2: 
3: /*top*/
4: int main() {return 0;}
5: int t() { xmlSchemaSetParserStructuredErrors(); return 0; }
/* end */

--------------------

